TN:
SF:src\app\admin\admin-directors\director-detail\director-detail.ts
FN:28,(anonymous_0)
FN:23,(anonymous_1)
FN:32,(anonymous_2)
FN:39,(anonymous_3)
FN:47,(anonymous_4)
FN:52,(anonymous_5)
FN:56,(anonymous_6)
FN:65,(anonymous_7)
FN:70,(anonymous_8)
FNF:9
FNH:1
FNDA:1,(anonymous_0)
FNDA:0,(anonymous_1)
FNDA:0,(anonymous_2)
FNDA:0,(anonymous_3)
FNDA:0,(anonymous_4)
FNDA:0,(anonymous_5)
FNDA:0,(anonymous_6)
FNDA:0,(anonymous_7)
FNDA:0,(anonymous_8)
DA:19,1
DA:20,0
DA:23,0
DA:24,0
DA:25,0
DA:29,1
DA:32,0
DA:33,0
DA:34,0
DA:37,0
DA:38,0
DA:39,0
DA:40,0
DA:41,0
DA:49,0
DA:53,0
DA:57,0
DA:58,0
DA:60,0
DA:66,0
DA:67,0
DA:71,0
LF:22
LH:2
BRDA:25,0,0,0
BRDA:25,0,1,0
BRDA:37,1,0,0
BRDA:37,2,0,0
BRDA:37,2,1,0
BRDA:37,2,2,0
BRDA:37,2,3,0
BRDA:40,3,0,0
BRDA:60,4,0,0
BRDA:60,4,1,0
BRDA:60,5,0,0
BRDA:60,5,1,0
BRF:12
BRH:0
end_of_record
TN:
SF:src\app\admin\admin-directors\director-filters\director-filters.ts
FN:40,(anonymous_0)
FN:50,(anonymous_1)
FN:59,(anonymous_2)
FN:62,(anonymous_3)
FN:68,(anonymous_4)
FN:77,(anonymous_5)
FN:83,(anonymous_6)
FNF:7
FNH:3
FNDA:1,(anonymous_0)
FNDA:1,(anonymous_1)
FNDA:0,(anonymous_2)
FNDA:0,(anonymous_3)
FNDA:0,(anonymous_4)
FNDA:0,(anonymous_5)
FNDA:2,(anonymous_6)
DA:40,1
DA:41,1
DA:43,1
DA:44,1
DA:46,1
DA:52,1
DA:53,1
DA:57,1
DA:59,0
DA:63,0
DA:64,0
DA:69,0
DA:70,0
DA:72,0
DA:74,0
DA:78,0
DA:84,2
DA:85,2
LF:18
LH:10
BRDA:52,0,0,1
BRDA:63,1,0,0
BRDA:63,2,0,0
BRDA:63,2,1,0
BRDA:72,3,0,0
BRF:5
BRH:1
end_of_record
TN:
SF:src\app\admin\admin-directors\director-form\director-form.ts
FN:49,(anonymous_0)
FN:84,(anonymous_1)
FN:87,(anonymous_2)
FN:90,(anonymous_3)
FN:100,(anonymous_4)
FN:106,(anonymous_5)
FN:107,(anonymous_6)
FN:116,(anonymous_7)
FN:127,(anonymous_8)
FN:136,(anonymous_9)
FN:140,(anonymous_10)
FNF:11
FNH:3
FNDA:1,(anonymous_0)
FNDA:1,(anonymous_1)
FNDA:1,(anonymous_2)
FNDA:0,(anonymous_3)
FNDA:0,(anonymous_4)
FNDA:0,(anonymous_5)
FNDA:0,(anonymous_6)
FNDA:0,(anonymous_7)
FNDA:0,(anonymous_8)
FNDA:0,(anonymous_9)
FNDA:0,(anonymous_10)
DA:49,1
DA:50,1
DA:51,1
DA:52,1
DA:55,1
DA:56,1
DA:57,1
DA:59,1
DA:60,1
DA:62,1
DA:74,1
DA:86,1
DA:88,1
DA:91,0
DA:95,1
DA:96,0
DA:101,0
DA:102,0
DA:107,0
DA:108,0
DA:109,0
DA:117,0
DA:118,0
DA:119,0
DA:121,0
DA:122,0
DA:123,0
DA:125,0
DA:127,0
DA:128,0
DA:129,0
DA:130,0
DA:137,0
DA:141,0
DA:142,0
LF:35
LH:14
BRDA:95,0,0,0
BRDA:101,1,0,0
BRDA:101,2,0,0
BRDA:101,2,1,0
BRDA:108,3,0,0
BRDA:121,4,0,0
BRDA:121,4,1,0
BRDA:129,5,0,0
BRDA:129,6,0,0
BRDA:129,6,1,0
BRDA:141,7,0,0
BRDA:141,8,0,0
BRDA:141,8,1,0
BRF:13
BRH:0
end_of_record
TN:
SF:src\app\admin\admin-directors\director-list\director-list.ts
FN:32,(anonymous_0)
FN:48,(anonymous_1)
FN:53,(anonymous_2)
FN:65,(anonymous_3)
FN:73,(anonymous_4)
FN:35,(anonymous_5)
FN:89,(anonymous_6)
FN:93,(anonymous_7)
FNF:8
FNH:1
FNDA:1,(anonymous_0)
FNDA:0,(anonymous_1)
FNDA:0,(anonymous_2)
FNDA:0,(anonymous_3)
FNDA:0,(anonymous_4)
FNDA:0,(anonymous_5)
FNDA:0,(anonymous_6)
FNDA:0,(anonymous_7)
DA:32,1
DA:33,0
DA:36,0
DA:39,0
DA:45,0
DA:48,0
DA:49,0
DA:50,0
DA:52,0
DA:54,0
DA:65,0
DA:66,0
DA:67,0
DA:69,0
DA:70,0
DA:73,0
DA:75,0
DA:76,0
DA:77,0
DA:78,0
DA:80,0
DA:81,0
DA:85,0
DA:90,0
DA:95,0
LF:25
LH:1
BRDA:50,0,0,0
BRDA:69,1,0,0
BRDA:69,2,0,0
BRDA:69,2,1,0
BRDA:75,3,0,0
BRDA:80,4,0,0
BRDA:80,5,0,0
BRDA:80,5,1,0
BRF:8
BRH:0
end_of_record
TN:
SF:src\app\admin\admin-games\admin-games-playoffs-detail\admin-games-playoffs-detail.ts
FN:48,(anonymous_0)
FN:62,(anonymous_1)
FN:99,(anonymous_2)
FN:170,(anonymous_3)
FN:180,(anonymous_4)
FN:198,(anonymous_5)
FN:208,(anonymous_6)
FN:220,(anonymous_7)
FNF:8
FNH:5
FNDA:5,(anonymous_0)
FNDA:6,(anonymous_1)
FNDA:1,(anonymous_2)
FNDA:0,(anonymous_3)
FNDA:0,(anonymous_4)
FNDA:1,(anonymous_5)
FNDA:0,(anonymous_6)
FNDA:2,(anonymous_7)
DA:48,1
DA:49,5
DA:50,5
DA:51,5
DA:52,5
DA:53,5
DA:54,5
DA:57,5
DA:58,5
DA:59,5
DA:60,5
DA:64,6
DA:66,6
DA:67,6
DA:80,6
DA:81,6
DA:82,6
DA:83,6
DA:84,6
DA:85,1
DA:100,1
DA:101,0
DA:102,0
DA:104,1
DA:105,1
DA:106,1
DA:121,1
DA:123,1
DA:124,1
DA:125,1
DA:133,0
DA:134,0
DA:137,1
DA:138,1
DA:155,1
DA:156,1
DA:157,0
DA:158,0
DA:159,0
DA:163,0
DA:166,0
DA:167,0
DA:169,0
DA:171,0
DA:172,0
DA:175,0
DA:177,0
DA:178,0
DA:181,0
DA:182,0
DA:185,0
DA:190,1
DA:191,0
DA:194,0
DA:195,0
DA:197,1
DA:199,1
DA:200,1
DA:203,1
DA:205,1
DA:206,1
DA:209,0
DA:210,0
DA:213,0
DA:221,2
LF:65
LH:40
BRDA:66,0,0,6
BRDA:66,0,1,0
BRDA:82,1,0,6
BRDA:82,1,1,0
BRDA:83,2,0,6
BRDA:83,2,1,1
BRDA:83,2,2,0
BRDA:84,3,0,1
BRDA:84,4,0,6
BRDA:84,4,1,1
BRDA:86,5,0,1
BRDA:86,5,1,0
BRDA:87,6,0,1
BRDA:87,6,1,0
BRDA:88,7,0,1
BRDA:88,7,1,0
BRDA:89,8,0,1
BRDA:89,8,1,0
BRDA:90,9,0,1
BRDA:90,9,1,0
BRDA:91,10,0,1
BRDA:91,10,1,0
BRDA:92,11,0,1
BRDA:92,11,1,0
BRDA:93,12,0,1
BRDA:93,12,1,1
BRDA:94,13,0,1
BRDA:94,13,1,1
BRDA:100,14,0,0
BRDA:104,15,0,0
BRDA:121,16,0,1
BRDA:121,16,1,0
BRDA:121,17,0,1
BRDA:121,17,1,1
BRDA:133,18,0,0
BRDA:139,19,0,1
BRDA:139,19,1,0
BRDA:140,20,0,1
BRDA:140,20,1,0
BRDA:142,21,0,1
BRDA:142,21,1,0
BRDA:142,21,2,0
BRDA:146,22,0,1
BRDA:146,22,1,0
BRDA:150,23,0,1
BRDA:150,23,1,1
BRDA:151,24,0,1
BRDA:151,24,1,1
BRDA:156,25,0,0
BRDA:156,25,1,1
BRDA:158,26,0,0
BRDA:190,27,0,0
BRDA:190,28,0,1
BRDA:190,28,1,1
BRDA:221,29,0,2
BRDA:221,29,1,0
BRF:56
BRH:33
end_of_record
TN:
SF:src\app\admin\admin-household\household-filters\household-filters.ts
FN:63,(anonymous_0)
FN:65,(anonymous_1)
FN:72,(anonymous_2)
FN:84,(anonymous_3)
FN:90,(anonymous_4)
FN:99,(anonymous_5)
FN:117,(anonymous_6)
FN:126,(anonymous_7)
FNF:8
FNH:7
FNDA:4,(anonymous_0)
FNDA:4,(anonymous_1)
FNDA:4,(anonymous_2)
FNDA:1,(anonymous_3)
FNDA:0,(anonymous_4)
FNDA:9,(anonymous_5)
FNDA:1,(anonymous_6)
FNDA:8,(anonymous_7)
DA:48,1
DA:49,4
DA:50,4
DA:52,4
DA:53,4
DA:55,4
DA:57,4
DA:65,4
DA:66,4
DA:67,4
DA:68,4
DA:74,4
DA:75,4
DA:76,4
DA:77,0
DA:82,4
DA:84,1
DA:87,4
DA:91,0
DA:92,0
DA:93,0
DA:94,0
DA:100,9
DA:101,9
DA:104,9
DA:105,9
DA:106,9
DA:109,9
DA:110,9
DA:111,9
DA:113,9
DA:114,9
DA:118,1
DA:123,1
DA:127,8
DA:128,8
DA:129,8
LF:37
LH:32
BRDA:74,0,0,4
BRDA:76,1,0,0
BRDA:91,2,0,0
BRDA:91,3,0,0
BRDA:91,3,1,0
BRDA:93,4,0,0
BRDA:105,5,0,9
BRDA:109,6,0,0
BRDA:110,7,0,0
BRDA:111,8,0,0
BRDA:130,9,0,8
BRDA:130,9,1,8
BRDA:130,9,2,8
BRDA:130,9,3,8
BRDA:130,9,4,8
BRF:15
BRH:7
end_of_record
TN:
SF:src\app\admin\admin-people\people-filters\people-filters.ts
FN:67,(anonymous_0)
FN:69,(anonymous_1)
FN:76,(anonymous_2)
FN:93,(anonymous_3)
FN:99,(anonymous_4)
FN:108,(anonymous_5)
FN:123,(anonymous_6)
FN:132,(anonymous_7)
FNF:8
FNH:7
FNDA:4,(anonymous_0)
FNDA:4,(anonymous_1)
FNDA:4,(anonymous_2)
FNDA:1,(anonymous_3)
FNDA:0,(anonymous_4)
FNDA:9,(anonymous_5)
FNDA:1,(anonymous_6)
FNDA:8,(anonymous_7)
DA:48,1
DA:49,4
DA:50,4
DA:52,4
DA:57,4
DA:59,4
DA:61,4
DA:69,4
DA:70,4
DA:71,4
DA:72,4
DA:78,4
DA:79,4
DA:83,4
DA:84,0
DA:85,4
DA:86,0
DA:91,4
DA:93,1
DA:96,4
DA:100,0
DA:101,0
DA:102,0
DA:103,0
DA:109,9
DA:110,9
DA:112,9
DA:119,9
DA:120,9
DA:124,1
DA:129,1
DA:133,8
DA:134,8
DA:135,8
LF:34
LH:28
BRDA:78,0,0,4
BRDA:83,1,0,0
BRDA:83,1,1,4
BRDA:85,2,0,0
BRDA:85,3,0,4
BRDA:85,3,1,0
BRDA:100,4,0,0
BRDA:100,5,0,0
BRDA:100,5,1,0
BRDA:102,6,0,0
BRDA:113,7,0,9
BRDA:113,7,1,9
BRDA:114,8,0,9
BRDA:114,8,1,9
BRDA:115,9,0,9
BRDA:115,9,1,9
BRDA:136,10,0,8
BRDA:136,10,1,8
BRDA:136,10,2,8
BRDA:136,10,3,8
BRF:20
BRH:13
end_of_record
TN:
SF:src\app\admin\admin-seasons\admin-season-detail\admin-season-detail.ts
FN:85,(anonymous_0)
FN:67,(anonymous_1)
FN:86,(anonymous_2)
FN:92,(anonymous_3)
FN:102,(anonymous_4)
FN:121,(anonymous_5)
FN:129,(anonymous_6)
FN:158,(anonymous_7)
FN:167,(anonymous_8)
FN:172,(anonymous_9)
FN:181,(anonymous_10)
FN:186,(anonymous_11)
FNF:12
FNH:4
FNDA:1,(anonymous_0)
FNDA:1,(anonymous_1)
FNDA:1,(anonymous_2)
FNDA:1,(anonymous_3)
FNDA:0,(anonymous_4)
FNDA:0,(anonymous_5)
FNDA:0,(anonymous_6)
FNDA:0,(anonymous_7)
FNDA:0,(anonymous_8)
FNDA:0,(anonymous_9)
FNDA:0,(anonymous_10)
FNDA:0,(anonymous_11)
DA:57,1
DA:58,1
DA:59,1
DA:60,1
DA:61,1
DA:62,1
DA:63,1
DA:64,1
DA:67,1
DA:68,1
DA:86,1
DA:87,1
DA:88,0
DA:93,1
DA:94,1
DA:95,0
DA:97,1
DA:103,0
DA:122,0
DA:123,0
DA:124,0
DA:126,0
DA:130,0
DA:133,0
DA:134,0
DA:135,0
DA:136,0
DA:137,0
DA:138,0
DA:140,0
DA:141,0
DA:143,0
DA:145,0
DA:147,0
DA:150,0
DA:151,0
DA:153,0
DA:154,0
DA:155,0
DA:156,0
DA:157,0
DA:159,0
DA:160,0
DA:162,0
DA:163,0
DA:164,0
DA:165,0
DA:167,0
DA:170,0
DA:171,0
DA:173,0
DA:174,0
DA:176,0
DA:177,0
DA:178,0
DA:179,0
DA:181,0
DA:188,0
LF:58
LH:15
BRDA:87,0,0,0
BRDA:94,1,0,0
BRDA:94,1,1,1
BRDA:104,2,0,0
BRDA:104,2,1,0
BRDA:105,3,0,0
BRDA:105,3,1,0
BRDA:106,4,0,0
BRDA:106,4,1,0
BRDA:107,5,0,0
BRDA:107,5,1,0
BRDA:108,6,0,0
BRDA:108,6,1,0
BRDA:109,7,0,0
BRDA:109,7,1,0
BRDA:110,8,0,0
BRDA:110,8,1,0
BRDA:111,9,0,0
BRDA:111,9,1,0
BRDA:112,10,0,0
BRDA:112,10,1,0
BRDA:113,11,0,0
BRDA:113,11,1,0
BRDA:115,12,0,0
BRDA:115,12,1,0
BRDA:116,13,0,0
BRDA:116,13,1,0
BRDA:117,14,0,0
BRDA:117,14,1,0
BRDA:118,15,0,0
BRDA:118,15,1,0
BRDA:122,16,0,0
BRDA:122,16,1,0
BRDA:136,17,0,0
BRDA:136,17,1,0
BRDA:137,18,0,0
BRDA:137,18,1,0
BRDA:139,19,0,0
BRDA:139,19,1,0
BRDA:140,20,0,0
BRDA:140,20,1,0
BRDA:142,21,0,0
BRDA:142,21,1,0
BRDA:144,22,0,0
BRDA:144,22,1,0
BRDA:146,23,0,0
BRDA:146,23,1,0
BRDA:148,24,0,0
BRDA:148,24,1,0
BRDA:152,25,0,0
BRDA:152,25,1,0
BRDA:155,26,0,0
BRDA:155,26,1,0
BRF:53
BRH:1
end_of_record
TN:
SF:src\app\admin\admin-shared\alphabetical-search\alphabetical-search.ts
FN:24,(anonymous_0)
FN:39,(anonymous_1)
FN:47,(anonymous_2)
FN:59,(anonymous_3)
FN:69,(anonymous_4)
FNF:5
FNH:4
FNDA:11,(anonymous_0)
FNDA:11,(anonymous_1)
FNDA:3,(anonymous_2)
FNDA:0,(anonymous_3)
FNDA:1,(anonymous_4)
DA:24,1
DA:25,11
DA:26,11
DA:27,11
DA:29,11
DA:31,11
DA:32,11
DA:33,11
DA:40,11
DA:41,11
DA:42,11
DA:48,3
DA:49,3
DA:50,3
DA:60,0
DA:61,0
DA:70,1
DA:71,1
DA:72,1
DA:73,1
DA:78,1
LF:21
LH:19
BRDA:41,0,0,11
BRDA:51,1,0,3
BRDA:51,1,1,0
BRDA:62,2,0,0
BRDA:62,2,1,0
BRF:5
BRH:2
end_of_record
TN:
SF:src\app\admin\admin-shared\division-select\division-select.ts
FN:55,(anonymous_0)
FN:53,(anonymous_1)
FN:56,(anonymous_2)
FN:61,(anonymous_3)
FN:64,(anonymous_4)
FNF:5
FNH:4
FNDA:8,(anonymous_0)
FNDA:9,(anonymous_1)
FNDA:7,(anonymous_2)
FNDA:6,(anonymous_3)
FNDA:0,(anonymous_4)
DA:46,1
DA:48,8
DA:49,8
DA:50,8
DA:51,8
DA:53,9
DA:54,8
DA:56,8
DA:57,7
DA:62,6
DA:65,0
LF:11
LH:10
BRF:0
BRH:0
end_of_record
TN:
SF:src\app\admin\admin-shared\season-select\season-select.ts
FN:57,(anonymous_0)
FN:54,(anonymous_1)
FN:82,(anonymous_2)
FN:58,(anonymous_3)
FN:65,(anonymous_4)
FN:77,(anonymous_5)
FNF:6
FNH:5
FNDA:8,(anonymous_0)
FNDA:8,(anonymous_1)
FNDA:7,(anonymous_2)
FNDA:6,(anonymous_3)
FNDA:6,(anonymous_4)
FNDA:0,(anonymous_5)
DA:47,1
DA:48,8
DA:49,8
DA:50,8
DA:53,8
DA:54,8
DA:55,8
DA:58,8
DA:59,6
DA:61,6
DA:67,6
DA:71,0
DA:73,6
DA:74,0
DA:78,0
DA:79,0
DA:82,8
DA:83,7
LF:18
LH:14
BRDA:83,0,0,7
BRDA:83,0,1,7
BRDA:83,0,2,7
BRDA:67,1,0,0
BRDA:68,2,0,6
BRDA:68,2,1,6
BRDA:73,3,0,0
BRF:7
BRH:5
end_of_record
TN:
SF:src\app\admin\admin-users\admin-users.service.ts
FN:9,(anonymous_0)
FN:20,(anonymous_1)
FN:24,(anonymous_2)
FN:28,(anonymous_3)
FN:32,(anonymous_4)
FN:37,(anonymous_5)
FN:41,(anonymous_6)
FN:45,(anonymous_7)
FN:52,(anonymous_8)
FN:60,(anonymous_9)
FN:64,(anonymous_10)
FNF:11
FNH:0
FNDA:0,(anonymous_0)
FNDA:0,(anonymous_1)
FNDA:0,(anonymous_2)
FNDA:0,(anonymous_3)
FNDA:0,(anonymous_4)
FNDA:0,(anonymous_5)
FNDA:0,(anonymous_6)
FNDA:0,(anonymous_7)
FNDA:0,(anonymous_8)
FNDA:0,(anonymous_9)
FNDA:0,(anonymous_10)
DA:9,1
DA:10,0
DA:11,0
DA:12,0
DA:15,0
DA:16,0
DA:17,0
DA:18,0
DA:21,0
DA:25,0
DA:29,0
DA:33,0
DA:38,0
DA:39,0
DA:40,0
DA:42,0
DA:43,0
DA:46,0
DA:47,0
DA:53,0
DA:54,0
DA:55,0
DA:57,0
DA:58,0
DA:59,0
DA:61,0
DA:62,0
DA:65,0
DA:66,0
LF:29
LH:1
BRDA:42,0,0,0
BRDA:42,0,1,0
BRDA:47,1,0,0
BRDA:47,1,1,0
BRDA:53,2,0,0
BRDA:61,3,0,0
BRDA:61,3,1,0
BRDA:66,4,0,0
BRDA:66,4,1,0
BRF:9
BRH:0
end_of_record
TN:
SF:src\app\admin\admin-users\admin-user-detail\admin-user-detail.ts
FN:73,(anonymous_0)
FN:77,(anonymous_1)
FN:60,(anonymous_2)
FN:80,(anonymous_3)
FN:95,(anonymous_4)
FN:98,(anonymous_5)
FN:121,(anonymous_6)
FN:133,(anonymous_7)
FN:142,(anonymous_8)
FN:151,(anonymous_9)
FN:163,(anonymous_10)
FN:171,(anonymous_11)
FN:174,(anonymous_12)
FN:183,(anonymous_13)
FN:197,(anonymous_14)
FN:201,(anonymous_15)
FN:203,(anonymous_16)
FN:205,(anonymous_17)
FN:212,(anonymous_18)
FN:222,(anonymous_19)
FN:233,(anonymous_20)
FN:239,(anonymous_21)
FN:246,(anonymous_22)
FN:252,(anonymous_23)
FN:260,(anonymous_24)
FN:266,(anonymous_25)
FNF:26
FNH:3
FNDA:0,(anonymous_0)
FNDA:8,(anonymous_1)
FNDA:0,(anonymous_2)
FNDA:0,(anonymous_3)
FNDA:0,(anonymous_4)
FNDA:0,(anonymous_5)
FNDA:7,(anonymous_6)
FNDA:7,(anonymous_7)
FNDA:0,(anonymous_8)
FNDA:0,(anonymous_9)
FNDA:0,(anonymous_10)
FNDA:0,(anonymous_11)
FNDA:0,(anonymous_12)
FNDA:0,(anonymous_13)
FNDA:0,(anonymous_14)
FNDA:0,(anonymous_15)
FNDA:0,(anonymous_16)
FNDA:0,(anonymous_17)
FNDA:0,(anonymous_18)
FNDA:0,(anonymous_19)
FNDA:0,(anonymous_20)
FNDA:0,(anonymous_21)
FNDA:0,(anonymous_22)
FNDA:0,(anonymous_23)
FNDA:0,(anonymous_24)
FNDA:0,(anonymous_25)
DA:43,1
DA:44,8
DA:45,8
DA:46,8
DA:47,8
DA:48,8
DA:49,8
DA:50,8
DA:51,8
DA:52,8
DA:56,8
DA:57,8
DA:60,8
DA:61,0
DA:64,8
DA:70,8
DA:71,8
DA:74,0
DA:78,8
DA:80,8
DA:81,0
DA:84,0
DA:86,0
DA:88,0
DA:89,0
DA:90,0
DA:93,0
DA:94,0
DA:96,0
DA:99,0
DA:103,0
DA:107,0
DA:115,0
DA:116,0
DA:117,0
DA:122,7
DA:133,7
DA:134,7
DA:136,0
DA:137,0
DA:138,0
DA:141,0
DA:143,0
DA:146,0
DA:152,0
DA:153,0
DA:160,0
DA:163,0
DA:164,0
DA:167,7
DA:170,0
DA:172,0
DA:175,0
DA:176,0
DA:183,0
DA:184,0
DA:185,0
DA:188,0
DA:189,0
DA:198,0
DA:202,0
DA:205,0
DA:206,0
DA:207,0
DA:208,0
DA:210,0
DA:213,0
DA:214,0
DA:217,0
DA:224,0
DA:226,0
DA:227,0
DA:229,0
DA:231,0
DA:232,0
DA:234,0
DA:235,0
DA:236,0
DA:237,0
DA:240,0
DA:241,0
DA:245,0
DA:247,0
DA:248,0
DA:249,0
DA:250,0
DA:253,0
DA:254,0
DA:261,0
DA:262,0
DA:267,0
LF:91
LH:22
BRDA:61,0,0,0
BRDA:61,0,1,0
BRDA:84,1,0,0
BRDA:86,2,0,0
BRDA:86,2,1,0
BRDA:93,3,0,0
BRDA:134,4,0,0
BRDA:134,4,1,7
BRDA:134,5,0,7
BRDA:134,5,1,0
BRDA:138,6,0,0
BRDA:138,6,1,0
BRDA:167,7,0,0
BRDA:184,8,0,0
BRDA:184,8,1,0
BRDA:207,9,0,0
BRDA:224,10,0,0
BRDA:231,11,0,0
BRDA:231,11,1,0
BRF:19
BRH:2
end_of_record
TN:
SF:src\app\admin\admin-users\admin-users-list\admin-users-list.ts
FN:47,(anonymous_0)
FN:49,(anonymous_1)
FN:51,(anonymous_2)
FN:58,(anonymous_3)
FN:65,(anonymous_4)
FN:70,(anonymous_5)
FN:75,(anonymous_6)
FN:83,(anonymous_7)
FN:90,(anonymous_8)
FN:97,(anonymous_9)
FNF:10
FNH:2
FNDA:1,(anonymous_0)
FNDA:0,(anonymous_1)
FNDA:0,(anonymous_2)
FNDA:0,(anonymous_3)
FNDA:1,(anonymous_4)
FNDA:0,(anonymous_5)
FNDA:0,(anonymous_6)
FNDA:0,(anonymous_7)
FNDA:0,(anonymous_8)
FNDA:0,(anonymous_9)
DA:35,1
DA:36,1
DA:37,1
DA:38,1
DA:39,1
DA:40,1
DA:41,1
DA:42,1
DA:43,1
DA:49,1
DA:50,0
DA:51,0
DA:56,0
DA:58,1
DA:59,0
DA:60,0
DA:67,1
DA:71,0
DA:72,0
DA:76,0
DA:77,0
DA:78,0
DA:79,0
DA:84,0
DA:85,0
DA:86,0
DA:87,0
DA:92,0
DA:94,0
DA:99,0
DA:101,0
LF:31
LH:12
BRDA:53,0,0,0
BRDA:53,0,1,0
BRDA:54,1,0,0
BRDA:54,1,1,0
BRDA:78,2,0,0
BRDA:84,3,0,0
BRDA:85,4,0,0
BRDA:86,5,0,0
BRF:8
BRH:0
end_of_record
TN:
SF:src\app\admin\components\player-balance\player-balance.ts
FN:26,(anonymous_0)
FNF:1
FNH:1
FNDA:1,(anonymous_0)
DA:26,1
DA:27,1
LF:2
LH:2
BRF:0
BRH:0
end_of_record
TN:
SF:src\app\admin\components\player-history\player-history.ts
FNF:0
FNH:0
DA:9,1
LF:1
LH:1
BRF:0
BRH:0
end_of_record
TN:
SF:src\app\admin\player\player-list.ts
FN:51,(anonymous_0)
FN:53,(anonymous_1)
FN:63,(anonymous_2)
FN:67,(anonymous_3)
FN:72,(anonymous_4)
FN:90,(anonymous_5)
FN:95,(anonymous_6)
FN:102,(anonymous_7)
FNF:8
FNH:8
FNDA:8,(anonymous_0)
FNDA:8,(anonymous_1)
FNDA:6,(anonymous_2)
FNDA:6,(anonymous_3)
FNDA:8,(anonymous_4)
FNDA:7,(anonymous_5)
FNDA:1,(anonymous_6)
FNDA:1,(anonymous_7)
DA:37,1
DA:38,8
DA:39,8
DA:40,8
DA:41,8
DA:42,8
DA:44,8
DA:45,8
DA:46,8
DA:53,8
DA:54,8
DA:55,8
DA:56,8
DA:57,8
DA:58,8
DA:68,6
DA:69,6
DA:73,8
DA:74,8
DA:75,0
DA:76,0
DA:79,8
DA:80,8
DA:81,8
DA:83,8
DA:84,8
DA:85,8
DA:88,8
DA:89,8
DA:91,7
DA:92,7
DA:93,7
DA:96,1
DA:97,1
DA:103,1
DA:104,1
LF:36
LH:34
BRDA:57,0,0,8
BRDA:74,1,0,0
BRDA:84,2,0,8
BRDA:84,3,0,8
BRDA:84,3,1,8
BRF:5
BRH:4
end_of_record
TN:
SF:src\app\admin\shared\BaseDetail.ts
FN:8,(anonymous_0)
FN:21,(anonymous_1)
FN:34,(anonymous_2)
FN:47,(anonymous_3)
FN:51,(anonymous_4)
FN:55,(anonymous_5)
FNF:6
FNH:1
FNDA:1,(anonymous_0)
FNDA:0,(anonymous_1)
FNDA:0,(anonymous_2)
FNDA:0,(anonymous_3)
FNDA:0,(anonymous_4)
FNDA:0,(anonymous_5)
DA:8,1
DA:9,1
DA:10,1
DA:11,0
DA:13,0
DA:14,0
DA:23,0
DA:26,0
DA:27,0
DA:28,0
DA:29,0
DA:30,0
DA:35,0
DA:36,0
DA:37,0
DA:38,0
DA:39,0
DA:40,0
DA:42,0
DA:48,0
DA:52,0
DA:56,0
DA:59,0
DA:60,0
DA:63,0
DA:64,0
DA:65,0
DA:66,0
DA:67,0
DA:69,0
LF:30
LH:3
BRDA:23,0,0,0
BRDA:23,0,1,0
BRDA:27,1,0,0
BRDA:27,1,1,0
BRDA:29,2,0,0
BRDA:59,3,0,0
BRF:6
BRH:0
end_of_record
TN:
SF:src\app\admin\shared\BaseList.ts
FN:5,(anonymous_0)
FN:14,(anonymous_1)
FN:18,(anonymous_2)
FN:22,(anonymous_3)
FNF:4
FNH:1
FNDA:1,(anonymous_0)
FNDA:0,(anonymous_1)
FNDA:0,(anonymous_2)
FNDA:0,(anonymous_3)
DA:6,1
DA:7,1
DA:9,0
DA:10,0
DA:15,0
DA:19,0
DA:23,0
LF:7
LH:2
BRF:0
BRH:0
end_of_record
TN:
SF:src\app\admin\shared\admin-list-detail-shell\admin-list-detail-shell.ts
FN:74,(anonymous_0)
FN:130,(anonymous_1)
FN:135,(anonymous_2)
FN:137,(anonymous_3)
FN:138,(anonymous_4)
FN:150,(anonymous_5)
FN:161,(anonymous_6)
FN:170,(anonymous_7)
FNF:8
FNH:7
FNDA:63,(anonymous_0)
FNDA:54,(anonymous_1)
FNDA:47,(anonymous_2)
FNDA:177,(anonymous_3)
FNDA:176,(anonymous_4)
FNDA:56,(anonymous_5)
FNDA:0,(anonymous_6)
FNDA:1,(anonymous_7)
DA:74,1
DA:86,63
DA:89,63
DA:92,63
DA:95,63
DA:98,63
DA:101,63
DA:104,63
DA:108,63
DA:111,63
DA:115,63
DA:118,63
DA:130,63
DA:135,63
DA:136,47
DA:137,177
DA:138,176
DA:140,47
DA:141,1
DA:144,47
DA:151,56
DA:152,55
DA:153,55
DA:162,0
DA:163,0
DA:171,1
LF:26
LH:24
BRDA:140,0,0,1
BRDA:151,1,0,55
BRDA:162,2,0,0
BRF:3
BRH:2
end_of_record
TN:
SF:src\app\admin\shared\confirm-dialog\confirm-dialog.ts
FN:25,(anonymous_0)
FN:27,(anonymous_1)
FN:31,(anonymous_2)
FNF:3
FNH:0
FNDA:0,(anonymous_0)
FNDA:0,(anonymous_1)
FNDA:0,(anonymous_2)
DA:15,1
DA:16,0
DA:17,0
DA:28,0
DA:32,0
LF:5
LH:1
BRF:0
BRH:0
end_of_record
TN:
SF:src\app\admin\shared\generic-mat-table\generic-mat-table.ts
FN:39,(anonymous_0)
FN:51,(anonymous_1)
FN:52,(anonymous_2)
FN:55,(anonymous_3)
FN:59,(anonymous_4)
FN:64,(anonymous_5)
FN:68,(anonymous_6)
FN:70,(anonymous_7)
FNF:8
FNH:0
FNDA:0,(anonymous_0)
FNDA:0,(anonymous_1)
FNDA:0,(anonymous_2)
FNDA:0,(anonymous_3)
FNDA:0,(anonymous_4)
FNDA:0,(anonymous_5)
FNDA:0,(anonymous_6)
FNDA:0,(anonymous_7)
DA:39,1
DA:40,0
DA:41,0
DA:42,0
DA:44,0
DA:49,0
DA:52,0
DA:56,0
DA:60,0
DA:61,0
DA:65,0
DA:69,0
DA:70,0
LF:13
LH:1
BRDA:69,0,0,0
BRF:1
BRH:0
end_of_record
TN:
SF:src\app\admin\shared\list-page-shell\ListPageShell.ts
FN:15,(anonymous_0)
FNF:1
FNH:0
FNDA:0,(anonymous_0)
DA:15,1
DA:16,0
DA:17,0
LF:3
LH:1
BRF:0
BRH:0
end_of_record
TN:
SF:src\app\admin\state\admin.actions.ts
FN:14,(anonymous_0)
FN:72,(anonymous_1)
FN:75,(anonymous_2)
FN:80,(anonymous_3)
FN:85,(anonymous_4)
FN:87,(anonymous_5)
FN:92,(anonymous_6)
FN:96,(anonymous_7)
FN:98,(anonymous_8)
FN:103,(anonymous_9)
FN:107,(anonymous_10)
FN:112,(anonymous_11)
FN:114,(anonymous_12)
FN:119,(anonymous_13)
FN:124,(anonymous_14)
FN:132,(anonymous_15)
FN:138,(anonymous_16)
FN:144,(anonymous_17)
FN:149,(anonymous_18)
FN:154,(anonymous_19)
FN:159,(anonymous_20)
FN:163,(anonymous_21)
FN:166,(anonymous_22)
FN:171,(anonymous_23)
FN:176,(anonymous_24)
FN:178,(anonymous_25)
FN:183,(anonymous_26)
FN:188,(anonymous_27)
FN:192,(anonymous_28)
FN:197,(anonymous_29)
FN:202,(anonymous_30)
FN:207,(anonymous_31)
FN:212,(anonymous_32)
FN:217,(anonymous_33)
FN:219,(anonymous_34)
FN:225,(anonymous_35)
FN:230,(anonymous_36)
FN:232,(anonymous_37)
FN:237,(anonymous_38)
FN:241,(anonymous_39)
FN:244,(anonymous_40)
FN:249,(anonymous_41)
FN:253,(anonymous_42)
FN:256,(anonymous_43)
FN:261,(anonymous_44)
FN:265,(anonymous_45)
FN:270,(anonymous_46)
FN:274,(anonymous_47)
FN:278,(anonymous_48)
FN:280,(anonymous_49)
FN:285,(anonymous_50)
FN:289,(anonymous_51)
FN:292,(anonymous_52)
FN:297,(anonymous_53)
FN:301,(anonymous_54)
FNF:55
FNH:2
FNDA:1,(anonymous_0)
FNDA:0,(anonymous_1)
FNDA:0,(anonymous_2)
FNDA:0,(anonymous_3)
FNDA:0,(anonymous_4)
FNDA:0,(anonymous_5)
FNDA:0,(anonymous_6)
FNDA:0,(anonymous_7)
FNDA:0,(anonymous_8)
FNDA:0,(anonymous_9)
FNDA:0,(anonymous_10)
FNDA:0,(anonymous_11)
FNDA:0,(anonymous_12)
FNDA:0,(anonymous_13)
FNDA:0,(anonymous_14)
FNDA:0,(anonymous_15)
FNDA:0,(anonymous_16)
FNDA:0,(anonymous_17)
FNDA:0,(anonymous_18)
FNDA:0,(anonymous_19)
FNDA:0,(anonymous_20)
FNDA:0,(anonymous_21)
FNDA:0,(anonymous_22)
FNDA:0,(anonymous_23)
FNDA:0,(anonymous_24)
FNDA:0,(anonymous_25)
FNDA:0,(anonymous_26)
FNDA:0,(anonymous_27)
FNDA:0,(anonymous_28)
FNDA:0,(anonymous_29)
FNDA:0,(anonymous_30)
FNDA:0,(anonymous_31)
FNDA:0,(anonymous_32)
FNDA:0,(anonymous_33)
FNDA:0,(anonymous_34)
FNDA:0,(anonymous_35)
FNDA:0,(anonymous_36)
FNDA:4,(anonymous_37)
FNDA:0,(anonymous_38)
FNDA:0,(anonymous_39)
FNDA:0,(anonymous_40)
FNDA:0,(anonymous_41)
FNDA:0,(anonymous_42)
FNDA:0,(anonymous_43)
FNDA:0,(anonymous_44)
FNDA:0,(anonymous_45)
FNDA:0,(anonymous_46)
FNDA:0,(anonymous_47)
FNDA:0,(anonymous_48)
FNDA:0,(anonymous_49)
FNDA:0,(anonymous_50)
FNDA:0,(anonymous_51)
FNDA:0,(anonymous_52)
FNDA:0,(anonymous_53)
FNDA:0,(anonymous_54)
DA:14,1
DA:15,1
DA:16,1
DA:17,1
DA:18,1
DA:19,1
DA:20,1
DA:21,1
DA:22,1
DA:23,1
DA:24,1
DA:25,1
DA:26,1
DA:27,1
DA:28,1
DA:29,1
DA:30,1
DA:31,1
DA:32,1
DA:33,1
DA:34,1
DA:35,1
DA:36,1
DA:37,1
DA:38,1
DA:39,1
DA:40,1
DA:41,1
DA:42,1
DA:43,1
DA:44,1
DA:45,1
DA:46,1
DA:47,1
DA:48,1
DA:49,1
DA:50,1
DA:51,1
DA:52,1
DA:53,1
DA:54,1
DA:55,1
DA:56,1
DA:57,1
DA:58,1
DA:59,1
DA:60,1
DA:61,1
DA:62,1
DA:63,1
DA:64,1
DA:65,1
DA:66,1
DA:67,1
DA:68,1
DA:69,1
DA:73,0
DA:76,0
DA:79,0
DA:80,0
DA:84,0
DA:85,0
DA:88,0
DA:91,0
DA:92,0
DA:95,0
DA:96,0
DA:99,0
DA:102,0
DA:103,0
DA:106,0
DA:107,0
DA:111,0
DA:112,0
DA:115,0
DA:118,0
DA:119,0
DA:123,0
DA:124,0
DA:131,0
DA:132,0
DA:137,0
DA:138,0
DA:143,0
DA:144,0
DA:150,0
DA:153,0
DA:154,0
DA:158,0
DA:159,0
DA:162,0
DA:163,0
DA:167,0
DA:170,0
DA:171,0
DA:175,0
DA:176,0
DA:179,0
DA:182,0
DA:183,0
DA:187,0
DA:188,0
DA:191,0
DA:192,0
DA:196,0
DA:197,0
DA:201,0
DA:202,0
DA:206,0
DA:207,0
DA:211,0
DA:212,0
DA:216,0
DA:217,0
DA:220,0
DA:223,0
DA:225,0
DA:228,0
DA:230,0
DA:233,4
DA:236,0
DA:237,0
DA:240,0
DA:241,0
DA:245,0
DA:248,0
DA:249,0
DA:252,0
DA:253,0
DA:257,0
DA:260,0
DA:261,0
DA:264,0
DA:265,0
DA:269,0
DA:270,0
DA:273,0
DA:274,0
DA:277,0
DA:278,0
DA:281,0
DA:284,0
DA:285,0
DA:288,0
DA:289,0
DA:293,0
DA:296,0
DA:297,0
DA:300,0
DA:301,0
LF:150
LH:57
BRDA:14,0,0,1
BRDA:14,0,1,1
BRF:2
BRH:2
end_of_record
TN:
SF:src\app\admin\web-content\content.service.ts
FN:22,(anonymous_0)
FN:35,(anonymous_1)
FN:37,(anonymous_2)
FN:51,(anonymous_3)
FN:52,(anonymous_4)
FN:62,(anonymous_5)
FN:69,(anonymous_6)
FN:75,(anonymous_7)
FN:79,(anonymous_8)
FN:91,(anonymous_9)
FN:111,(anonymous_10)
FN:119,(anonymous_11)
FN:126,(anonymous_12)
FN:141,(anonymous_13)
FNF:14
FNH:0
FNDA:0,(anonymous_0)
FNDA:0,(anonymous_1)
FNDA:0,(anonymous_2)
FNDA:0,(anonymous_3)
FNDA:0,(anonymous_4)
FNDA:0,(anonymous_5)
FNDA:0,(anonymous_6)
FNDA:0,(anonymous_7)
FNDA:0,(anonymous_8)
FNDA:0,(anonymous_9)
FNDA:0,(anonymous_10)
FNDA:0,(anonymous_11)
FNDA:0,(anonymous_12)
FNDA:0,(anonymous_13)
DA:22,1
DA:23,0
DA:24,0
DA:25,0
DA:26,0
DA:29,0
DA:32,0
DA:35,0
DA:36,0
DA:37,0
DA:38,0
DA:39,0
DA:44,0
DA:45,0
DA:52,0
DA:53,0
DA:54,0
DA:63,0
DA:70,0
DA:71,0
DA:72,0
DA:74,0
DA:75,0
DA:80,0
DA:81,0
DA:82,0
DA:93,0
DA:94,0
DA:98,0
DA:99,0
DA:102,0
DA:103,0
DA:104,0
DA:106,0
DA:108,0
DA:109,0
DA:110,0
DA:112,0
DA:117,0
DA:118,0
DA:120,0
DA:127,0
DA:142,0
DA:144,0
DA:146,0
DA:147,0
DA:148,0
DA:151,0
DA:152,0
DA:153,0
DA:156,0
DA:157,0
DA:158,0
DA:161,0
DA:162,0
DA:165,0
LF:56
LH:1
BRDA:71,0,0,0
BRDA:93,1,0,0
BRDA:102,2,0,0
BRDA:102,2,1,0
BRDA:103,3,0,0
BRDA:103,3,1,0
BRDA:104,4,0,0
BRDA:104,4,1,0
BRDA:106,5,0,0
BRDA:106,5,1,0
BRDA:106,6,0,0
BRDA:106,6,1,0
BRDA:144,7,0,0
BRDA:144,7,1,0
BRDA:144,7,2,0
BRDA:144,7,3,0
BRF:16
BRH:0
end_of_record
TN:
SF:src\app\admin\web-content\content-edit\content-edit.ts
FN:133,(anonymous_0)
FN:117,(anonymous_1)
FN:120,(anonymous_2)
FN:321,(anonymous_3)
FN:135,(anonymous_4)
FN:142,(anonymous_5)
FN:157,(anonymous_6)
FN:159,(anonymous_7)
FN:176,(anonymous_8)
FN:188,(anonymous_9)
FN:193,(anonymous_10)
FN:208,(anonymous_11)
FN:221,(anonymous_12)
FN:252,(anonymous_13)
FN:258,(anonymous_14)
FN:265,(anonymous_15)
FN:278,(anonymous_16)
FN:295,(anonymous_17)
FN:326,(anonymous_18)
FN:329,(anonymous_19)
FN:332,(anonymous_20)
FN:342,(anonymous_21)
FN:348,(anonymous_22)
FN:354,(anonymous_23)
FN:361,(anonymous_24)
FN:364,(anonymous_25)
FN:371,(anonymous_26)
FNF:27
FNH:22
FNDA:28,(anonymous_0)
FNDA:26,(anonymous_1)
FNDA:78,(anonymous_2)
FNDA:79,(anonymous_3)
FNDA:26,(anonymous_4)
FNDA:26,(anonymous_5)
FNDA:0,(anonymous_6)
FNDA:0,(anonymous_7)
FNDA:26,(anonymous_8)
FNDA:27,(anonymous_9)
FNDA:2,(anonymous_10)
FNDA:3,(anonymous_11)
FNDA:12,(anonymous_12)
FNDA:6,(anonymous_13)
FNDA:3,(anonymous_14)
FNDA:1,(anonymous_15)
FNDA:4,(anonymous_16)
FNDA:3,(anonymous_17)
FNDA:79,(anonymous_18)
FNDA:0,(anonymous_19)
FNDA:6,(anonymous_20)
FNDA:3,(anonymous_21)
FNDA:1,(anonymous_22)
FNDA:1,(anonymous_23)
FNDA:0,(anonymous_24)
FNDA:0,(anonymous_25)
FNDA:2,(anonymous_26)
DA:72,1
DA:73,28
DA:74,28
DA:75,28
DA:76,28
DA:77,28
DA:78,28
DA:79,28
DA:81,28
DA:82,28
DA:84,28
DA:111,28
DA:112,28
DA:115,28
DA:117,28
DA:118,26
DA:120,78
DA:126,28
DA:127,28
DA:128,28
DA:129,28
DA:130,28
DA:131,28
DA:135,28
DA:136,26
DA:137,26
DA:138,0
DA:142,28
DA:143,26
DA:144,26
DA:145,26
DA:147,0
DA:148,0
DA:151,0
DA:152,0
DA:154,0
DA:156,0
DA:157,0
DA:158,0
DA:159,0
DA:161,0
DA:164,0
DA:165,0
DA:167,0
DA:168,0
DA:169,0
DA:170,0
DA:171,0
DA:176,28
DA:177,26
DA:178,26
DA:179,26
DA:180,26
DA:181,26
DA:183,0
DA:189,27
DA:190,27
DA:194,2
DA:203,2
DA:204,2
DA:206,2
DA:209,3
DA:224,12
DA:228,12
DA:229,12
DA:243,12
DA:253,6
DA:254,6
DA:255,4
DA:257,4
DA:259,3
DA:260,3
DA:261,3
DA:263,3
DA:266,1
DA:268,1
DA:279,4
DA:280,4
DA:282,4
DA:283,4
DA:284,4
DA:285,4
DA:286,4
DA:287,4
DA:288,4
DA:289,4
DA:290,4
DA:291,4
DA:293,4
DA:296,3
DA:297,3
DA:298,3
DA:300,1
DA:301,1
DA:302,1
DA:305,0
DA:306,0
DA:307,0
DA:310,1
DA:311,1
DA:312,1
DA:315,1
DA:316,1
DA:319,3
DA:321,28
DA:322,79
DA:327,79
DA:330,0
DA:333,6
DA:334,3
DA:343,3
DA:344,3
DA:346,3
DA:347,2
DA:349,1
DA:350,1
DA:352,1
DA:355,1
DA:356,1
DA:362,0
DA:364,0
DA:365,0
DA:366,0
DA:367,0
DA:372,2
LF:125
LH:97
BRDA:118,0,0,26
BRDA:118,0,1,0
BRDA:137,1,0,0
BRDA:145,2,0,0
BRDA:145,3,0,26
BRDA:145,3,1,0
BRDA:151,4,0,0
BRDA:151,4,1,0
BRDA:152,5,0,0
BRDA:152,6,0,0
BRDA:152,6,1,0
BRDA:154,7,0,0
BRDA:154,7,1,0
BRDA:156,8,0,0
BRDA:161,9,0,0
BRDA:165,10,0,0
BRDA:167,11,0,0
BRDA:168,12,0,0
BRDA:168,13,0,0
BRDA:168,13,1,0
BRDA:168,13,2,0
BRDA:179,14,0,0
BRDA:180,15,0,26
BRDA:180,15,1,0
BRDA:180,16,0,26
BRDA:180,16,1,0
BRDA:181,17,0,26
BRDA:183,18,0,0
BRDA:204,19,0,2
BRDA:204,19,1,0
BRDA:225,20,0,1
BRDA:225,20,1,11
BRDA:254,21,0,4
BRDA:254,22,0,6
BRDA:254,22,1,5
BRDA:282,23,0,4
BRDA:282,23,1,0
BRDA:285,24,0,4
BRDA:285,24,1,0
BRDA:286,25,0,4
BRDA:286,25,1,0
BRDA:287,26,0,4
BRDA:287,26,1,0
BRDA:288,27,0,4
BRDA:288,27,1,0
BRDA:290,28,0,4
BRDA:290,28,1,0
BRDA:298,29,0,1
BRDA:298,29,1,0
BRDA:298,29,2,1
BRDA:298,29,3,1
BRDA:333,30,0,3
BRDA:333,31,0,6
BRDA:333,31,1,5
BRDA:333,31,2,4
BRDA:334,32,0,1
BRDA:334,32,1,2
BRDA:346,33,0,2
BRDA:366,34,0,0
BRF:59
BRH:27
end_of_record
TN:
SF:src\app\auth\auth.guard.ts
FN:19,(anonymous_0)
FN:36,(anonymous_1)
FNF:2
FNH:2
FNDA:2,(anonymous_0)
FNDA:2,(anonymous_1)
DA:16,1
DA:17,4
DA:18,4
DA:27,2
DA:28,2
DA:30,1
DA:34,1
DA:40,2
LF:8
LH:8
BRDA:28,0,0,1
BRF:1
BRH:1
end_of_record
TN:
SF:src\app\domain\division.ts
FN:1,(anonymous_0)
FNF:1
FNH:1
FNDA:36,(anonymous_0)
DA:2,36
DA:9,36
DA:12,36
DA:14,36
LF:4
LH:4
BRF:0
BRH:0
end_of_record
TN:
SF:src\app\domain\household.ts
FN:1,(anonymous_0)
FNF:1
FNH:0
FNDA:0,(anonymous_0)
DA:2,0
DA:7,0
DA:11,0
LF:3
LH:0
BRF:0
BRH:0
end_of_record
TN:
SF:src\app\domain\season.ts
FN:18,(anonymous_0)
FNF:1
FNH:1
FNDA:4,(anonymous_0)
LF:0
LH:0
BRF:0
BRH:0
end_of_record
TN:
SF:src\app\domain\team.ts
FN:10,(anonymous_0)
FNF:1
FNH:0
FNDA:0,(anonymous_0)
DA:17,0
DA:18,0
DA:19,0
DA:20,0
DA:21,0
LF:5
LH:0
BRF:0
BRH:0
end_of_record
TN:
SF:src\app\domain\user.ts
FN:18,(anonymous_0)
FNF:1
FNH:1
FNDA:6,(anonymous_0)
DA:19,6
DA:20,6
DA:21,6
LF:3
LH:3
BRF:0
BRH:0
end_of_record
TN:
SF:src\app\domain\webContent.ts
FN:32,(anonymous_0)
FNF:1
FNH:1
FNDA:4,(anonymous_0)
DA:17,4
DA:18,4
DA:25,4
DA:27,4
DA:28,4
DA:29,4
DA:30,4
DA:31,4
LF:8
LH:8
BRF:0
BRH:0
end_of_record
TN:
SF:src\app\domain\webContentType.ts
FN:4,(anonymous_0)
FNF:1
FNH:1
FNDA:7,(anonymous_0)
LF:0
LH:0
BRF:0
BRH:0
end_of_record
TN:
SF:src\app\games\components\daily-playoff-schedule\daily-playoff-schedule.ts
FN:11,(anonymous_0)
FN:14,(anonymous_1)
FN:19,(anonymous_2)
FN:20,(anonymous_3)
FNF:4
FNH:0
FNDA:0,(anonymous_0)
FNDA:0,(anonymous_1)
FNDA:0,(anonymous_2)
FNDA:0,(anonymous_3)
DA:11,1
DA:12,0
DA:14,0
DA:15,0
DA:16,0
DA:19,0
DA:20,0
DA:21,0
DA:22,0
DA:23,0
LF:10
LH:1
BRDA:16,0,0,0
BRDA:16,0,1,0
BRDA:21,1,0,0
BRDA:21,1,1,0
BRDA:22,2,0,0
BRDA:22,2,1,0
BRF:6
BRH:0
end_of_record
TN:
SF:src\app\games\components\schedule-playoffs\schedule-playoffs.ts
FN:27,(anonymous_0)
FN:24,(anonymous_1)
FNF:2
FNH:0
FNDA:0,(anonymous_0)
FNDA:0,(anonymous_1)
DA:19,1
DA:20,0
DA:21,0
DA:24,0
LF:4
LH:1
BRF:0
BRH:0
end_of_record
TN:
SF:src\app\games\state\index.ts
FN:13,(anonymous_0)
FN:17,(anonymous_1)
FN:22,(anonymous_2)
FN:26,(anonymous_3)
FN:31,(anonymous_4)
FN:36,(anonymous_5)
FN:41,(anonymous_6)
FN:45,(anonymous_7)
FN:50,(anonymous_8)
FN:54,(anonymous_9)
FN:58,(anonymous_10)
FN:62,(anonymous_11)
FN:67,(anonymous_12)
FN:72,(anonymous_13)
FN:77,(anonymous_14)
FN:81,(anonymous_15)
FNF:16
FNH:0
FNDA:0,(anonymous_0)
FNDA:0,(anonymous_1)
FNDA:0,(anonymous_2)
FNDA:0,(anonymous_3)
FNDA:0,(anonymous_4)
FNDA:0,(anonymous_5)
FNDA:0,(anonymous_6)
FNDA:0,(anonymous_7)
FNDA:0,(anonymous_8)
FNDA:0,(anonymous_9)
FNDA:0,(anonymous_10)
FNDA:0,(anonymous_11)
FNDA:0,(anonymous_12)
FNDA:0,(anonymous_13)
FNDA:0,(anonymous_14)
FNDA:0,(anonymous_15)
DA:9,1
DA:11,1
DA:13,0
DA:15,1
DA:17,0
DA:20,1
DA:22,0
DA:24,1
DA:26,0
DA:29,1
DA:31,0
DA:34,1
DA:36,0
DA:39,1
DA:41,0
DA:43,1
DA:45,0
DA:48,1
DA:50,0
DA:52,1
DA:54,0
DA:56,1
DA:58,0
DA:60,1
DA:62,0
DA:65,1
DA:67,0
DA:70,1
DA:72,0
DA:75,1
DA:77,0
DA:79,1
DA:81,0
LF:33
LH:17
BRF:0
BRH:0
end_of_record
TN:
SF:src\app\services\auth.service.ts
FN:56,(anonymous_0)
FN:32,(anonymous_1)
FN:33,(anonymous_2)
FN:37,(anonymous_3)
FN:48,(anonymous_4)
FN:61,(anonymous_5)
FN:64,(anonymous_6)
FN:74,(anonymous_7)
FN:92,(anonymous_8)
FN:100,(anonymous_9)
FN:108,(anonymous_10)
FN:116,(anonymous_11)
FN:124,(anonymous_12)
FN:131,(anonymous_13)
FN:137,(anonymous_14)
FN:147,(anonymous_15)
FN:150,(anonymous_16)
FN:159,(anonymous_17)
FN:169,(anonymous_18)
FN:178,(anonymous_19)
FN:185,(anonymous_20)
FN:192,(anonymous_21)
FNF:22
FNH:19
FNDA:24,(anonymous_0)
FNDA:2,(anonymous_1)
FNDA:4,(anonymous_2)
FNDA:5,(anonymous_3)
FNDA:2,(anonymous_4)
FNDA:0,(anonymous_5)
FNDA:0,(anonymous_6)
FNDA:24,(anonymous_7)
FNDA:22,(anonymous_8)
FNDA:0,(anonymous_9)
FNDA:2,(anonymous_10)
FNDA:1,(anonymous_11)
FNDA:1,(anonymous_12)
FNDA:4,(anonymous_13)
FNDA:2,(anonymous_14)
FNDA:1,(anonymous_15)
FNDA:1,(anonymous_16)
FNDA:3,(anonymous_17)
FNDA:1,(anonymous_18)
FNDA:1,(anonymous_19)
FNDA:1,(anonymous_20)
FNDA:1,(anonymous_21)
DA:20,1
DA:21,24
DA:22,24
DA:23,24
DA:24,24
DA:25,24
DA:26,24
DA:29,24
DA:32,24
DA:33,24
DA:34,4
DA:35,4
DA:37,24
DA:38,5
DA:39,5
DA:41,5
DA:44,3
DA:47,2
DA:48,2
DA:57,24
DA:61,24
DA:62,0
DA:63,0
DA:64,0
DA:65,0
DA:76,24
DA:77,24
DA:78,2
DA:79,2
DA:81,2
DA:82,2
DA:86,22
DA:87,22
DA:93,22
DA:94,0
DA:95,0
DA:97,22
DA:101,0
DA:102,0
DA:109,2
DA:117,1
DA:118,1
DA:119,1
DA:121,1
DA:125,1
DA:126,1
DA:132,4
DA:133,4
DA:134,4
DA:138,2
DA:140,2
DA:148,1
DA:151,1
DA:160,3
DA:161,3
DA:162,3
DA:163,3
DA:170,1
DA:171,1
DA:179,1
DA:186,1
DA:193,1
LF:62
LH:54
BRDA:35,0,0,3
BRDA:35,0,1,1
BRDA:35,1,0,3
BRDA:35,1,1,2
BRDA:41,2,0,2
BRDA:41,3,0,5
BRDA:41,3,1,4
BRDA:44,4,0,1
BRDA:44,5,0,3
BRDA:44,5,1,2
BRDA:48,6,0,2
BRDA:48,6,1,0
BRDA:63,7,0,0
BRDA:77,8,0,2
BRDA:93,9,0,0
BRDA:93,9,1,22
BRDA:117,10,0,1
BRF:17
BRH:14
end_of_record
TN:
SF:src\app\services\data.service.ts
FN:10,(anonymous_0)
FN:21,(anonymous_1)
FN:23,(anonymous_2)
FN:29,(anonymous_3)
FN:33,(anonymous_4)
FN:37,(anonymous_5)
FN:53,(anonymous_6)
FN:56,(anonymous_7)
FN:60,(anonymous_8)
FN:72,(anonymous_9)
FN:73,(anonymous_10)
FN:84,(anonymous_11)
FNF:12
FNH:4
FNDA:20,(anonymous_0)
FNDA:0,(anonymous_1)
FNDA:0,(anonymous_2)
FNDA:0,(anonymous_3)
FNDA:0,(anonymous_4)
FNDA:4,(anonymous_5)
FNDA:0,(anonymous_6)
FNDA:0,(anonymous_7)
FNDA:0,(anonymous_8)
FNDA:5,(anonymous_9)
FNDA:2,(anonymous_10)
FNDA:0,(anonymous_11)
DA:10,1
DA:11,20
DA:12,20
DA:14,20
DA:22,0
DA:24,0
DA:30,0
DA:31,0
DA:32,0
DA:33,0
DA:38,4
DA:39,4
DA:41,4
DA:54,0
DA:55,0
DA:57,0
DA:61,0
DA:62,0
DA:73,5
DA:75,2
DA:81,2
DA:85,0
LF:22
LH:10
BRDA:72,0,0,0
BRF:1
BRH:0
end_of_record
TN:
SF:src\app\services\director.service.ts
FN:47,(anonymous_0)
FN:32,(anonymous_1)
FN:34,(anonymous_2)
FN:39,(anonymous_3)
FN:52,(anonymous_4)
FN:54,(anonymous_5)
FN:55,(anonymous_6)
FN:57,(anonymous_7)
FN:64,(anonymous_8)
FN:66,(anonymous_9)
FN:74,(anonymous_10)
FN:76,(anonymous_11)
FN:95,(anonymous_12)
FN:99,(anonymous_13)
FN:101,(anonymous_14)
FN:106,(anonymous_15)
FN:108,(anonymous_16)
FNF:17
FNH:8
FNDA:7,(anonymous_0)
FNDA:7,(anonymous_1)
FNDA:0,(anonymous_2)
FNDA:0,(anonymous_3)
FNDA:10,(anonymous_4)
FNDA:0,(anonymous_5)
FNDA:0,(anonymous_6)
FNDA:1,(anonymous_7)
FNDA:2,(anonymous_8)
FNDA:1,(anonymous_9)
FNDA:1,(anonymous_10)
FNDA:0,(anonymous_11)
FNDA:0,(anonymous_12)
FNDA:1,(anonymous_13)
FNDA:0,(anonymous_14)
FNDA:0,(anonymous_15)
FNDA:0,(anonymous_16)
DA:22,1
DA:23,7
DA:24,7
DA:25,7
DA:26,7
DA:28,7
DA:32,7
DA:34,7
DA:35,0
DA:36,0
DA:37,0
DA:39,7
DA:40,0
DA:41,0
DA:42,0
DA:45,7
DA:49,7
DA:53,10
DA:55,0
DA:58,1
DA:61,10
DA:65,2
DA:67,1
DA:68,1
DA:75,1
DA:77,0
DA:78,0
DA:96,0
DA:100,1
DA:101,0
DA:107,0
DA:109,0
DA:110,0
LF:33
LH:19
BRF:0
BRH:0
end_of_record
TN:
SF:src\app\services\division.service.ts
FN:38,(anonymous_0)
FN:57,(anonymous_1)
FN:62,(anonymous_2)
FN:66,(anonymous_3)
FN:70,(anonymous_4)
FN:109,(anonymous_5)
FN:112,(anonymous_6)
FN:117,(anonymous_7)
FN:120,(anonymous_8)
FN:146,(anonymous_9)
FN:34,(anonymous_10)
FN:91,(anonymous_11)
FN:95,(anonymous_12)
FN:100,(anonymous_13)
FN:101,(anonymous_14)
FN:102,(anonymous_15)
FN:147,(anonymous_16)
FN:185,(anonymous_17)
FN:186,(anonymous_18)
FN:192,(anonymous_19)
FN:195,(anonymous_20)
FN:201,(anonymous_21)
FN:202,(anonymous_22)
FN:209,(anonymous_23)
FN:213,(anonymous_24)
FN:220,(anonymous_25)
FN:229,(anonymous_26)
FN:241,(anonymous_27)
FN:250,(anonymous_28)
FN:254,(anonymous_29)
FN:280,(anonymous_30)
FN:283,(anonymous_31)
FN:298,(anonymous_32)
FN:382,(anonymous_33)
FN:389,(anonymous_34)
FN:395,(anonymous_35)
FN:413,(anonymous_36)
FN:418,(anonymous_37)
FN:432,(anonymous_38)
FN:443,(anonymous_39)
FN:464,(anonymous_40)
FNF:41
FNH:25
FNDA:7,(anonymous_0)
FNDA:5,(anonymous_1)
FNDA:0,(anonymous_2)
FNDA:0,(anonymous_3)
FNDA:0,(anonymous_4)
FNDA:0,(anonymous_5)
FNDA:6,(anonymous_6)
FNDA:0,(anonymous_7)
FNDA:0,(anonymous_8)
FNDA:30,(anonymous_9)
FNDA:0,(anonymous_10)
FNDA:0,(anonymous_11)
FNDA:0,(anonymous_12)
FNDA:3,(anonymous_13)
FNDA:0,(anonymous_14)
FNDA:1,(anonymous_15)
FNDA:0,(anonymous_16)
FNDA:2,(anonymous_17)
FNDA:2,(anonymous_18)
FNDA:0,(anonymous_19)
FNDA:0,(anonymous_20)
FNDA:7,(anonymous_21)
FNDA:7,(anonymous_22)
FNDA:5,(anonymous_23)
FNDA:4,(anonymous_24)
FNDA:2,(anonymous_25)
FNDA:2,(anonymous_26)
FNDA:1,(anonymous_27)
FNDA:0,(anonymous_28)
FNDA:0,(anonymous_29)
FNDA:0,(anonymous_30)
FNDA:3,(anonymous_31)
FNDA:6,(anonymous_32)
FNDA:7,(anonymous_33)
FNDA:7,(anonymous_34)
FNDA:2,(anonymous_35)
FNDA:1,(anonymous_36)
FNDA:3,(anonymous_37)
FNDA:7,(anonymous_38)
FNDA:5,(anonymous_39)
FNDA:5,(anonymous_40)
DA:26,1
DA:29,30
DA:30,30
DA:31,30
DA:32,30
DA:33,30
DA:34,30
DA:36,30
DA:39,7
DA:40,7
DA:42,7
DA:44,7
DA:45,7
DA:46,7
DA:47,7
DA:55,30
DA:56,30
DA:58,5
DA:61,30
DA:63,0
DA:67,0
DA:71,0
DA:72,0
DA:78,0
DA:79,0
DA:80,0
DA:84,30
DA:91,30
DA:92,30
DA:94,30
DA:95,30
DA:100,30
DA:101,30
DA:102,30
DA:106,30
DA:110,0
DA:113,6
DA:118,0
DA:121,0
DA:128,30
DA:147,30
DA:148,0
DA:149,0
DA:150,0
DA:154,0
DA:155,0
DA:157,0
DA:159,0
DA:160,0
DA:161,0
DA:162,0
DA:186,2
DA:193,0
DA:194,0
DA:195,0
DA:199,0
DA:202,7
DA:206,7
DA:210,5
DA:211,5
DA:212,5
DA:214,4
DA:215,4
DA:217,4
DA:218,4
DA:219,4
DA:220,2
DA:223,4
DA:224,3
DA:225,3
DA:226,3
DA:227,1
DA:228,1
DA:229,2
DA:235,4
DA:236,4
DA:237,4
DA:239,4
DA:242,1
DA:243,1
DA:245,1
DA:251,0
DA:255,0
DA:256,0
DA:260,0
DA:261,0
DA:262,0
DA:263,0
DA:264,0
DA:265,0
DA:266,0
DA:269,0
DA:270,0
DA:272,0
DA:281,0
DA:284,3
DA:299,6
DA:300,6
DA:301,6
DA:303,6
DA:305,1
DA:306,1
DA:307,1
DA:308,1
DA:309,1
DA:310,1
DA:311,1
DA:312,1
DA:315,0
DA:316,0
DA:317,0
DA:318,0
DA:319,0
DA:322,1
DA:323,1
DA:324,1
DA:325,1
DA:326,1
DA:329,1
DA:330,1
DA:331,1
DA:332,1
DA:333,1
DA:336,0
DA:337,0
DA:338,0
DA:339,0
DA:340,0
DA:343,0
DA:344,0
DA:345,0
DA:346,0
DA:347,0
DA:350,0
DA:351,0
DA:352,0
DA:353,0
DA:354,0
DA:357,0
DA:358,0
DA:359,0
DA:360,0
DA:361,0
DA:364,1
DA:365,1
DA:366,1
DA:367,1
DA:368,1
DA:371,1
DA:372,1
DA:373,1
DA:374,1
DA:375,1
DA:379,6
DA:383,7
DA:384,7
DA:387,7
DA:390,7
DA:391,7
DA:392,7
DA:396,2
DA:397,2
DA:398,1
DA:399,1
DA:406,1
DA:407,1
DA:414,1
DA:415,1
DA:419,3
DA:420,16
DA:421,2
DA:424,1
DA:437,7
DA:438,3
DA:441,4
DA:443,4
DA:445,5
DA:446,2
DA:447,1
DA:452,4
DA:453,3
DA:456,1
DA:460,3
DA:469,5
DA:470,2
DA:472,3
DA:473,3
DA:474,3
LF:188
LH:125
BRDA:45,0,0,7
BRDA:45,0,1,0
BRDA:45,0,2,0
BRDA:46,1,0,7
BRDA:49,2,0,7
BRDA:49,2,1,0
BRDA:154,3,0,0
BRDA:154,3,1,0
BRDA:157,4,0,0
BRDA:219,5,0,1
BRDA:223,6,0,3
BRDA:226,7,0,1
BRDA:228,8,0,1
BRDA:235,9,0,4
BRDA:235,9,1,2
BRDA:236,10,0,4
BRDA:261,11,0,0
BRDA:261,11,1,0
BRDA:263,12,0,0
BRDA:301,13,0,6
BRDA:301,13,1,6
BRDA:303,14,0,1
BRDA:303,14,1,0
BRDA:303,14,2,1
BRDA:303,14,3,1
BRDA:303,14,4,0
BRDA:303,14,5,0
BRDA:303,14,6,0
BRDA:303,14,7,0
BRDA:303,14,8,1
BRDA:303,14,9,1
BRDA:397,15,0,1
BRDA:397,15,1,1
BRDA:420,16,0,2
BRDA:437,17,0,3
BRDA:437,18,0,7
BRDA:437,18,1,6
BRDA:437,18,2,5
BRDA:445,19,0,2
BRDA:446,20,0,1
BRDA:452,21,0,3
BRDA:453,22,0,1
BRDA:469,23,0,2
BRDA:469,24,0,5
BRDA:469,24,1,3
BRDA:474,25,0,3
BRDA:474,25,1,2
BRF:47
BRH:33
end_of_record
TN:
SF:src\app\services\draft-list.service.ts
FN:11,(anonymous_0)
FN:16,(anonymous_1)
FN:21,(anonymous_2)
FN:25,(anonymous_3)
FN:34,(anonymous_4)
FN:39,(anonymous_5)
FN:47,(anonymous_6)
FNF:7
FNH:7
FNDA:6,(anonymous_0)
FNDA:5,(anonymous_1)
FNDA:4,(anonymous_2)
FNDA:5,(anonymous_3)
FNDA:4,(anonymous_4)
FNDA:1,(anonymous_5)
FNDA:1,(anonymous_6)
DA:11,1
DA:12,6
DA:13,6
DA:15,6
DA:17,5
DA:20,6
DA:22,4
DA:26,5
DA:27,5
DA:31,5
DA:33,5
DA:35,4
DA:36,4
DA:37,4
DA:40,1
DA:41,1
DA:42,1
DA:48,1
LF:18
LH:18
BRDA:27,0,0,4
BRDA:27,0,1,1
BRF:2
BRH:2
end_of_record
TN:
SF:src\app\services\game.service.ts
FN:63,(anonymous_0)
FN:66,(anonymous_1)
FN:70,(anonymous_2)
FN:77,(anonymous_3)
FN:80,(anonymous_4)
FN:85,(anonymous_5)
FN:96,(anonymous_6)
FN:99,(anonymous_7)
FN:145,(anonymous_8)
FN:48,(anonymous_9)
FN:58,(anonymous_10)
FN:59,(anonymous_11)
FN:60,(anonymous_12)
FN:103,(anonymous_13)
FN:111,(anonymous_14)
FN:113,(anonymous_15)
FN:121,(anonymous_16)
FN:131,(anonymous_17)
FN:146,(anonymous_18)
FN:158,(anonymous_19)
FN:169,(anonymous_20)
FN:179,(anonymous_21)
FN:188,(anonymous_22)
FN:197,(anonymous_23)
FN:204,(anonymous_24)
FN:214,(anonymous_25)
FN:229,(anonymous_26)
FN:231,(anonymous_27)
FN:236,(anonymous_28)
FN:242,(anonymous_29)
FN:248,(anonymous_30)
FN:261,(anonymous_31)
FN:273,(anonymous_32)
FN:275,(anonymous_33)
FN:281,(anonymous_34)
FN:287,(anonymous_35)
FN:292,(anonymous_36)
FN:296,(anonymous_37)
FN:303,(anonymous_38)
FN:305,(anonymous_39)
FN:307,(anonymous_40)
FN:312,(anonymous_41)
FN:314,(anonymous_42)
FN:356,(anonymous_43)
FN:373,(anonymous_44)
FN:377,(anonymous_45)
FN:383,(anonymous_46)
FN:386,(anonymous_47)
FN:398,(anonymous_48)
FN:407,(anonymous_49)
FN:417,(anonymous_50)
FN:429,(anonymous_51)
FN:457,(anonymous_52)
FN:459,(anonymous_53)
FN:463,(anonymous_54)
FN:466,(anonymous_55)
FN:484,(anonymous_56)
FN:485,(anonymous_57)
FNF:58
FNH:38
FNDA:0,(anonymous_0)
FNDA:0,(anonymous_1)
FNDA:7,(anonymous_2)
FNDA:4,(anonymous_3)
FNDA:3,(anonymous_4)
FNDA:1,(anonymous_5)
FNDA:71,(anonymous_6)
FNDA:6,(anonymous_7)
FNDA:28,(anonymous_8)
FNDA:30,(anonymous_9)
FNDA:0,(anonymous_10)
FNDA:0,(anonymous_11)
FNDA:9,(anonymous_12)
FNDA:2,(anonymous_13)
FNDA:0,(anonymous_14)
FNDA:0,(anonymous_15)
FNDA:28,(anonymous_16)
FNDA:7,(anonymous_17)
FNDA:1,(anonymous_18)
FNDA:1,(anonymous_19)
FNDA:1,(anonymous_20)
FNDA:0,(anonymous_21)
FNDA:1,(anonymous_22)
FNDA:1,(anonymous_23)
FNDA:8,(anonymous_24)
FNDA:0,(anonymous_25)
FNDA:0,(anonymous_26)
FNDA:0,(anonymous_27)
FNDA:2,(anonymous_28)
FNDA:1,(anonymous_29)
FNDA:11,(anonymous_30)
FNDA:4,(anonymous_31)
FNDA:0,(anonymous_32)
FNDA:0,(anonymous_33)
FNDA:1,(anonymous_34)
FNDA:1,(anonymous_35)
FNDA:1,(anonymous_36)
FNDA:0,(anonymous_37)
FNDA:1,(anonymous_38)
FNDA:1,(anonymous_39)
FNDA:0,(anonymous_40)
FNDA:11,(anonymous_41)
FNDA:11,(anonymous_42)
FNDA:1,(anonymous_43)
FNDA:0,(anonymous_44)
FNDA:0,(anonymous_45)
FNDA:10,(anonymous_46)
FNDA:0,(anonymous_47)
FNDA:0,(anonymous_48)
FNDA:0,(anonymous_49)
FNDA:0,(anonymous_50)
FNDA:1,(anonymous_51)
FNDA:1,(anonymous_52)
FNDA:1,(anonymous_53)
FNDA:1,(anonymous_54)
FNDA:1,(anonymous_55)
FNDA:8,(anonymous_56)
FNDA:12,(anonymous_57)
DA:38,1
DA:40,28
DA:41,28
DA:42,28
DA:43,28
DA:44,28
DA:45,28
DA:46,28
DA:48,28
DA:49,30
DA:50,30
DA:51,30
DA:54,28
DA:55,28
DA:56,28
DA:57,28
DA:58,28
DA:59,28
DA:60,28
DA:61,28
DA:64,0
DA:67,0
DA:71,7
DA:75,28
DA:78,4
DA:81,3
DA:82,3
DA:83,3
DA:86,1
DA:90,28
DA:92,28
DA:94,28
DA:97,71
DA:100,6
DA:101,6
DA:103,28
DA:104,2
DA:109,28
DA:110,28
DA:112,0
DA:114,0
DA:121,28
DA:122,28
DA:124,28
DA:129,28
DA:130,28
DA:131,28
DA:132,28
DA:137,28
DA:138,28
DA:146,28
DA:147,1
DA:148,1
DA:151,1
DA:152,1
DA:153,0
DA:158,28
DA:159,1
DA:160,1
DA:163,1
DA:164,1
DA:165,0
DA:169,28
DA:170,1
DA:171,1
DA:175,1
DA:176,1
DA:177,1
DA:179,0
DA:180,0
DA:183,0
DA:184,0
DA:188,28
DA:189,1
DA:190,1
DA:195,1
DA:197,1
DA:198,1
DA:199,1
DA:205,8
DA:207,8
DA:208,8
DA:210,8
DA:212,8
DA:214,0
DA:217,8
DA:221,8
DA:222,8
DA:225,8
DA:226,8
DA:230,0
DA:231,0
DA:238,2
DA:239,2
DA:240,1
DA:244,1
DA:249,11
DA:250,11
DA:251,11
DA:252,11
DA:253,9
DA:254,18
DA:255,9
DA:256,9
DA:257,9
DA:260,9
DA:261,9
DA:262,4
DA:265,9
DA:267,2
DA:270,0
DA:274,0
DA:275,0
DA:282,1
DA:287,1
DA:293,1
DA:294,1
DA:295,0
DA:296,0
DA:297,0
DA:300,1
DA:304,1
DA:305,1
DA:307,0
DA:313,11
DA:314,11
DA:315,11
DA:316,11
DA:317,11
DA:318,10
DA:320,11
DA:322,11
DA:357,1
DA:358,1
DA:360,0
DA:362,0
DA:363,0
DA:364,0
DA:365,0
DA:369,0
DA:373,0
DA:374,0
DA:377,0
DA:378,0
DA:384,10
DA:387,0
DA:393,0
DA:394,0
DA:395,0
DA:396,0
DA:397,0
DA:399,0
DA:401,0
DA:408,0
DA:414,0
DA:415,0
DA:416,0
DA:418,0
DA:420,0
DA:438,1
DA:445,1
DA:452,1
DA:453,1
DA:454,1
DA:455,1
DA:457,1
DA:461,1
DA:463,1
DA:464,1
DA:465,1
DA:466,1
DA:468,1
DA:469,1
DA:470,1
DA:471,1
DA:474,1
DA:476,1
DA:485,8
DA:486,12
DA:487,8
LF:180
LH:136
BRDA:71,0,0,4
BRDA:71,0,1,3
BRDA:71,1,0,6
BRDA:71,1,1,1
BRDA:50,2,0,30
BRDA:50,2,1,28
BRDA:104,3,0,1
BRDA:104,3,1,1
BRDA:152,4,0,0
BRDA:164,5,0,0
BRDA:177,6,0,0
BRDA:212,7,0,0
BRDA:212,7,1,8
BRDA:212,8,0,8
BRDA:212,8,1,8
BRDA:212,8,2,0
BRDA:212,8,3,0
BRDA:214,9,0,0
BRDA:214,9,1,0
BRDA:239,10,0,1
BRDA:251,11,0,11
BRDA:251,11,1,5
BRDA:252,12,0,9
BRDA:254,13,0,9
BRDA:294,14,0,0
BRDA:304,15,0,1
BRDA:304,15,1,0
BRDA:317,16,0,10
BRDA:357,17,0,1
BRDA:363,18,0,0
BRDA:365,19,0,0
BRDA:366,20,0,0
BRDA:366,20,1,0
BRDA:449,21,0,1
BRDA:449,21,1,1
BRDA:450,22,0,1
BRDA:450,22,1,1
BRDA:464,23,0,0
BRDA:468,24,0,0
BRDA:486,25,0,12
BRDA:486,25,1,10
BRDA:486,25,2,9
BRDA:486,25,3,8
BRDA:487,26,0,8
BRDA:487,26,1,4
BRF:45
BRH:29
end_of_record
TN:
SF:src\app\services\household.service.ts
FN:57,(anonymous_0)
FN:41,(anonymous_1)
FN:46,(anonymous_2)
FN:47,(anonymous_3)
FN:99,(anonymous_4)
FN:59,(anonymous_5)
FN:67,(anonymous_6)
FN:73,(anonymous_7)
FN:78,(anonymous_8)
FN:82,(anonymous_9)
FN:84,(anonymous_10)
FN:91,(anonymous_11)
FN:102,(anonymous_12)
FN:105,(anonymous_13)
FN:109,(anonymous_14)
FN:116,(anonymous_15)
FN:120,(anonymous_16)
FN:133,(anonymous_17)
FN:155,(anonymous_18)
FN:165,(anonymous_19)
FN:174,(anonymous_20)
FN:180,(anonymous_21)
FN:184,(anonymous_22)
FN:190,(anonymous_23)
FN:195,(anonymous_24)
FN:201,(anonymous_25)
FN:202,(anonymous_26)
FNF:27
FNH:0
FNDA:0,(anonymous_0)
FNDA:0,(anonymous_1)
FNDA:0,(anonymous_2)
FNDA:0,(anonymous_3)
FNDA:0,(anonymous_4)
FNDA:0,(anonymous_5)
FNDA:0,(anonymous_6)
FNDA:0,(anonymous_7)
FNDA:0,(anonymous_8)
FNDA:0,(anonymous_9)
FNDA:0,(anonymous_10)
FNDA:0,(anonymous_11)
FNDA:0,(anonymous_12)
FNDA:0,(anonymous_13)
FNDA:0,(anonymous_14)
FNDA:0,(anonymous_15)
FNDA:0,(anonymous_16)
FNDA:0,(anonymous_17)
FNDA:0,(anonymous_18)
FNDA:0,(anonymous_19)
FNDA:0,(anonymous_20)
FNDA:0,(anonymous_21)
FNDA:0,(anonymous_22)
FNDA:0,(anonymous_23)
FNDA:0,(anonymous_24)
FNDA:0,(anonymous_25)
FNDA:0,(anonymous_26)
DA:27,1
DA:29,0
DA:30,0
DA:32,0
DA:33,0
DA:34,0
DA:41,0
DA:42,0
DA:45,0
DA:46,0
DA:47,0
DA:49,0
DA:51,0
DA:54,0
DA:55,0
DA:59,0
DA:60,0
DA:61,0
DA:62,0
DA:63,0
DA:67,0
DA:68,0
DA:74,0
DA:75,0
DA:79,0
DA:83,0
DA:84,0
DA:85,0
DA:86,0
DA:92,0
DA:98,0
DA:99,0
DA:103,0
DA:106,0
DA:112,0
DA:113,0
DA:117,0
DA:121,0
DA:122,0
DA:128,0
DA:129,0
DA:130,0
DA:134,0
DA:136,0
DA:137,0
DA:139,0
DA:140,0
DA:142,0
DA:143,0
DA:144,0
DA:146,0
DA:149,0
DA:151,0
DA:157,0
DA:158,0
DA:161,0
DA:162,0
DA:163,0
DA:164,0
DA:166,0
DA:170,0
DA:171,0
DA:175,0
DA:181,0
DA:182,0
DA:185,0
DA:191,0
DA:196,0
DA:202,0
LF:69
LH:1
BRDA:62,0,0,0
BRDA:136,1,0,0
BRDA:139,2,0,0
BRDA:142,3,0,0
BRDA:143,4,0,0
BRDA:143,4,1,0
BRDA:157,5,0,0
BRDA:161,6,0,0
BRDA:161,6,1,0
BRF:9
BRH:0
end_of_record
TN:
SF:src\app\services\location.service.ts
FN:19,(anonymous_0)
FN:22,(anonymous_1)
FN:26,(anonymous_2)
FN:28,(anonymous_3)
FN:29,(anonymous_4)
FN:35,(anonymous_5)
FN:40,(anonymous_6)
FN:42,(anonymous_7)
FN:45,(anonymous_8)
FN:47,(anonymous_9)
FNF:10
FNH:0
FNDA:0,(anonymous_0)
FNDA:0,(anonymous_1)
FNDA:0,(anonymous_2)
FNDA:0,(anonymous_3)
FNDA:0,(anonymous_4)
FNDA:0,(anonymous_5)
FNDA:0,(anonymous_6)
FNDA:0,(anonymous_7)
FNDA:0,(anonymous_8)
FNDA:0,(anonymous_9)
DA:13,1
DA:14,0
DA:15,0
DA:16,0
DA:17,0
DA:18,0
DA:20,0
DA:23,0
DA:29,0
DA:30,0
DA:31,0
DA:36,0
DA:41,0
DA:42,0
DA:46,0
DA:47,0
LF:16
LH:1
BRF:0
BRH:0
end_of_record
TN:
SF:src\app\services\logger.service.ts
FN:8,(anonymous_0)
FN:13,(anonymous_1)
FN:17,(anonymous_2)
FN:25,(anonymous_3)
FN:33,(anonymous_4)
FN:43,(anonymous_5)
FN:53,(anonymous_6)
FNF:7
FNH:5
FNDA:34,(anonymous_0)
FNDA:58,(anonymous_1)
FNDA:0,(anonymous_2)
FNDA:0,(anonymous_3)
FNDA:4,(anonymous_4)
FNDA:9,(anonymous_5)
FNDA:58,(anonymous_6)
DA:8,1
DA:9,34
DA:14,58
DA:18,0
DA:20,0
DA:21,0
DA:26,0
DA:28,0
DA:29,0
DA:36,4
DA:37,4
DA:38,4
DA:39,4
DA:45,9
DA:47,9
DA:48,9
DA:49,9
DA:54,58
DA:56,58
DA:57,58
LF:20
LH:14
BRDA:14,0,0,0
BRDA:14,0,1,58
BRDA:18,1,0,0
BRDA:20,2,0,0
BRDA:20,2,1,0
BRDA:26,3,0,0
BRDA:28,4,0,0
BRDA:28,4,1,0
BRDA:36,5,0,4
BRDA:36,5,1,4
BRDA:37,6,0,4
BRDA:37,6,1,4
BRDA:38,7,0,4
BRDA:38,8,0,4
BRDA:38,8,1,0
BRDA:45,9,0,9
BRDA:45,9,1,9
BRDA:45,9,2,9
BRDA:47,10,0,9
BRDA:48,11,0,9
BRDA:48,11,1,9
BRDA:54,12,0,58
BRDA:56,13,0,58
BRDA:56,13,1,58
BRF:24
BRH:16
end_of_record
TN:
SF:src\app\services\logger.tokens.ts
FNF:0
FNH:0
DA:10,1
LF:1
LH:1
BRF:0
BRH:0
end_of_record
TN:
SF:src\app\services\logging.service.ts
FN:8,(anonymous_0)
FN:15,(anonymous_1)
FNF:2
FNH:0
FNDA:0,(anonymous_0)
FNDA:0,(anonymous_1)
DA:7,1
DA:9,0
DA:11,0
DA:16,0
DA:17,0
LF:5
LH:1
BRDA:9,0,0,0
BRDA:16,1,0,0
BRF:2
BRH:0
end_of_record
TN:
SF:src\app\services\people.service.ts
FN:26,(anonymous_0)
FN:30,(anonymous_1)
FN:33,(anonymous_2)
FN:37,(anonymous_3)
FN:40,(anonymous_4)
FN:45,(anonymous_5)
FN:48,(anonymous_6)
FN:52,(anonymous_7)
FN:53,(anonymous_8)
FN:59,(anonymous_9)
FN:62,(anonymous_10)
FN:65,(anonymous_11)
FN:68,(anonymous_12)
FN:72,(anonymous_13)
FN:78,(anonymous_14)
FN:84,(anonymous_15)
FN:87,(anonymous_16)
FN:115,(anonymous_17)
FN:122,(anonymous_18)
FN:128,(anonymous_19)
FN:146,(anonymous_20)
FN:152,(anonymous_21)
FNF:22
FNH:5
FNDA:0,(anonymous_0)
FNDA:0,(anonymous_1)
FNDA:0,(anonymous_2)
FNDA:0,(anonymous_3)
FNDA:0,(anonymous_4)
FNDA:0,(anonymous_5)
FNDA:0,(anonymous_6)
FNDA:8,(anonymous_7)
FNDA:8,(anonymous_8)
FNDA:0,(anonymous_9)
FNDA:0,(anonymous_10)
FNDA:8,(anonymous_11)
FNDA:0,(anonymous_12)
FNDA:0,(anonymous_13)
FNDA:0,(anonymous_14)
FNDA:0,(anonymous_15)
FNDA:8,(anonymous_16)
FNDA:8,(anonymous_17)
FNDA:0,(anonymous_18)
FNDA:0,(anonymous_19)
FNDA:0,(anonymous_20)
FNDA:0,(anonymous_21)
DA:13,1
DA:14,8
DA:15,8
DA:16,8
DA:17,8
DA:18,8
DA:19,8
DA:20,8
DA:27,0
DA:29,8
DA:31,0
DA:34,0
DA:36,8
DA:38,0
DA:41,0
DA:44,8
DA:46,0
DA:49,0
DA:53,8
DA:54,8
DA:55,8
DA:60,0
DA:63,0
DA:66,8
DA:72,0
DA:73,0
DA:74,0
DA:75,0
DA:79,0
DA:80,0
DA:81,0
DA:85,0
DA:88,8
DA:90,8
DA:91,0
DA:93,8
DA:94,0
DA:96,8
DA:97,0
DA:98,0
DA:100,0
DA:103,8
DA:104,0
DA:105,0
DA:107,0
DA:110,8
DA:111,8
DA:116,8
DA:117,8
DA:122,8
DA:123,0
DA:124,0
DA:130,0
DA:131,0
DA:134,0
DA:136,0
DA:137,0
DA:138,0
DA:141,0
DA:142,0
DA:147,0
DA:148,0
DA:149,0
DA:153,0
DA:154,0
DA:155,0
LF:66
LH:25
BRDA:90,0,0,0
BRDA:93,1,0,0
BRDA:96,2,0,0
BRDA:97,3,0,0
BRDA:97,3,1,0
BRDA:103,4,0,0
BRDA:104,5,0,0
BRDA:104,5,1,0
BRDA:130,6,0,0
BRDA:134,7,0,0
BRDA:134,7,1,0
BRDA:134,8,0,0
BRDA:134,8,1,0
BRF:13
BRH:0
end_of_record
TN:
SF:src\app\services\playoff-game.service.ts
FN:38,(anonymous_0)
FN:31,(anonymous_1)
FN:32,(anonymous_2)
FN:39,(anonymous_3)
FN:45,(anonymous_4)
FN:51,(anonymous_5)
FN:56,(anonymous_6)
FN:64,(anonymous_7)
FN:73,(anonymous_8)
FN:77,(anonymous_9)
FN:79,(anonymous_10)
FN:82,(anonymous_11)
FN:87,(anonymous_12)
FN:94,(anonymous_13)
FN:102,(anonymous_14)
FN:105,(anonymous_15)
FN:109,(anonymous_16)
FN:114,(anonymous_17)
FN:124,(anonymous_18)
FN:129,(anonymous_19)
FN:139,(anonymous_20)
FN:165,(anonymous_21)
FN:183,(anonymous_22)
FN:194,(anonymous_23)
FN:206,(anonymous_24)
FN:211,(anonymous_25)
FN:272,(anonymous_26)
FNF:27
FNH:5
FNDA:4,(anonymous_0)
FNDA:0,(anonymous_1)
FNDA:0,(anonymous_2)
FNDA:0,(anonymous_3)
FNDA:0,(anonymous_4)
FNDA:0,(anonymous_5)
FNDA:0,(anonymous_6)
FNDA:0,(anonymous_7)
FNDA:0,(anonymous_8)
FNDA:0,(anonymous_9)
FNDA:0,(anonymous_10)
FNDA:0,(anonymous_11)
FNDA:0,(anonymous_12)
FNDA:0,(anonymous_13)
FNDA:0,(anonymous_14)
FNDA:0,(anonymous_15)
FNDA:0,(anonymous_16)
FNDA:0,(anonymous_17)
FNDA:0,(anonymous_18)
FNDA:0,(anonymous_19)
FNDA:0,(anonymous_20)
FNDA:0,(anonymous_21)
FNDA:2,(anonymous_22)
FNDA:5,(anonymous_23)
FNDA:15,(anonymous_24)
FNDA:1,(anonymous_25)
FNDA:0,(anonymous_26)
DA:18,1
DA:19,4
DA:20,4
DA:22,4
DA:23,4
DA:24,4
DA:26,4
DA:28,4
DA:31,4
DA:32,4
DA:33,4
DA:35,4
DA:36,4
DA:39,4
DA:40,0
DA:41,0
DA:42,0
DA:45,4
DA:46,0
DA:47,0
DA:48,0
DA:51,0
DA:57,0
DA:58,0
DA:60,0
DA:61,0
DA:62,0
DA:65,0
DA:74,0
DA:75,0
DA:77,0
DA:78,0
DA:79,0
DA:80,0
DA:82,0
DA:88,0
DA:89,0
DA:90,0
DA:91,0
DA:93,0
DA:94,0
DA:95,0
DA:97,0
DA:101,0
DA:102,0
DA:103,0
DA:105,0
DA:110,0
DA:111,0
DA:112,0
DA:114,0
DA:115,0
DA:116,0
DA:117,0
DA:118,0
DA:120,0
DA:122,0
DA:125,0
DA:130,0
DA:131,0
DA:141,0
DA:142,0
DA:143,0
DA:144,0
DA:151,0
DA:152,0
DA:156,0
DA:157,0
DA:166,0
DA:185,2
DA:191,2
DA:196,5
DA:197,5
DA:199,5
DA:200,5
DA:201,2
DA:202,3
DA:203,1
DA:206,15
DA:207,5
DA:212,1
DA:213,1
DA:214,1
DA:215,1
DA:216,1
DA:217,1
DA:218,1
DA:219,1
DA:220,1
DA:221,1
DA:222,1
DA:224,1
DA:225,1
DA:227,1
DA:230,1
DA:231,1
DA:232,1
DA:234,0
DA:235,1
DA:237,1
DA:240,1
DA:242,1
DA:243,1
DA:246,0
DA:251,1
DA:268,1
DA:273,0
LF:107
LH:50
BRDA:41,0,0,0
BRDA:41,1,0,0
BRDA:41,1,1,0
BRDA:41,1,2,0
BRDA:46,2,0,0
BRDA:57,3,0,0
BRDA:57,3,1,0
BRDA:60,4,0,0
BRDA:60,4,1,0
BRDA:74,5,0,0
BRDA:78,6,0,0
BRDA:93,7,0,0
BRDA:95,8,0,0
BRDA:111,9,0,0
BRDA:111,10,0,0
BRDA:111,10,1,0
BRDA:117,11,0,0
BRDA:125,12,0,0
BRDA:125,12,1,0
BRDA:125,13,0,0
BRDA:125,13,1,0
BRDA:142,14,0,0
BRDA:151,15,0,0
BRDA:151,16,0,0
BRDA:151,16,1,0
BRDA:168,17,0,0
BRDA:168,17,1,0
BRDA:171,18,0,0
BRDA:171,18,1,0
BRDA:172,19,0,0
BRDA:172,19,1,0
BRDA:173,20,0,0
BRDA:173,20,1,0
BRDA:174,21,0,0
BRDA:174,21,1,0
BRDA:175,22,0,0
BRDA:175,22,1,0
BRDA:176,23,0,0
BRDA:176,23,1,0
BRDA:177,24,0,0
BRDA:177,24,1,0
BRDA:178,25,0,0
BRDA:178,25,1,0
BRDA:179,26,0,0
BRDA:179,26,1,0
BRDA:200,27,0,2
BRDA:200,27,1,3
BRDA:200,28,0,5
BRDA:200,28,1,3
BRDA:202,29,0,1
BRDA:202,30,0,3
BRDA:202,30,1,2
BRDA:207,31,0,5
BRDA:207,31,1,5
BRDA:212,32,0,1
BRDA:212,32,1,1
BRDA:213,33,0,1
BRDA:213,33,1,1
BRDA:213,33,2,0
BRDA:214,34,0,1
BRDA:214,34,1,1
BRDA:214,34,2,0
BRDA:215,35,0,1
BRDA:215,35,1,1
BRDA:216,36,0,1
BRDA:216,36,1,1
BRDA:217,37,0,1
BRDA:217,37,1,1
BRDA:218,38,0,1
BRDA:218,38,1,1
BRDA:219,39,0,1
BRDA:219,39,1,1
BRDA:220,40,0,1
BRDA:220,40,1,1
BRDA:221,41,0,1
BRDA:221,41,1,1
BRDA:222,42,0,1
BRDA:222,42,1,1
BRDA:224,43,0,1
BRDA:224,43,1,1
BRDA:225,44,0,1
BRDA:225,44,1,1
BRDA:227,45,0,1
BRDA:227,45,1,0
BRDA:231,46,0,1
BRDA:232,47,0,0
BRDA:232,47,1,1
BRDA:235,48,0,1
BRDA:240,49,0,1
BRDA:240,49,1,0
BRDA:257,50,0,1
BRDA:257,50,1,1
BRF:92
BRH:42
end_of_record
TN:
SF:src\app\services\season.service.ts
FN:31,(anonymous_0)
FN:64,(anonymous_1)
FN:65,(anonymous_2)
FN:66,(anonymous_3)
FN:90,(anonymous_4)
FN:92,(anonymous_5)
FN:93,(anonymous_6)
FN:94,(anonymous_7)
FN:95,(anonymous_8)
FN:96,(anonymous_9)
FN:106,(anonymous_10)
FN:43,(anonymous_11)
FN:46,(anonymous_12)
FN:59,(anonymous_13)
FN:71,(anonymous_14)
FN:74,(anonymous_15)
FN:75,(anonymous_16)
FN:85,(anonymous_17)
FN:108,(anonymous_18)
FN:110,(anonymous_19)
FN:115,(anonymous_20)
FN:119,(anonymous_21)
FN:128,(anonymous_22)
FN:140,(anonymous_23)
FNF:24
FNH:3
FNDA:1,(anonymous_0)
FNDA:0,(anonymous_1)
FNDA:0,(anonymous_2)
FNDA:0,(anonymous_3)
FNDA:1,(anonymous_4)
FNDA:1,(anonymous_5)
FNDA:0,(anonymous_6)
FNDA:0,(anonymous_7)
FNDA:0,(anonymous_8)
FNDA:0,(anonymous_9)
FNDA:0,(anonymous_10)
FNDA:0,(anonymous_11)
FNDA:0,(anonymous_12)
FNDA:0,(anonymous_13)
FNDA:0,(anonymous_14)
FNDA:0,(anonymous_15)
FNDA:0,(anonymous_16)
FNDA:0,(anonymous_17)
FNDA:0,(anonymous_18)
FNDA:0,(anonymous_19)
FNDA:0,(anonymous_20)
FNDA:0,(anonymous_21)
FNDA:0,(anonymous_22)
FNDA:0,(anonymous_23)
DA:31,1
DA:33,1
DA:34,1
DA:35,1
DA:36,1
DA:37,1
DA:40,1
DA:42,1
DA:44,0
DA:47,0
DA:50,1
DA:55,1
DA:56,1
DA:60,0
DA:63,1
DA:64,0
DA:65,0
DA:66,0
DA:72,0
DA:75,0
DA:76,0
DA:77,0
DA:78,0
DA:81,1
DA:82,1
DA:86,0
DA:89,1
DA:90,1
DA:92,1
DA:93,1
DA:94,1
DA:95,1
DA:96,1
DA:97,0
DA:98,0
DA:99,0
DA:100,0
DA:104,0
DA:106,1
DA:107,1
DA:109,0
DA:111,0
DA:116,0
DA:120,0
DA:121,0
DA:122,0
DA:129,0
DA:130,0
DA:131,0
DA:133,0
DA:134,0
DA:135,0
DA:141,0
LF:53
LH:23
BRDA:93,0,0,0
BRDA:93,0,1,0
BRDA:98,1,0,0
BRDA:101,2,0,0
BRDA:101,2,1,0
BRDA:101,2,2,0
BRF:6
BRH:0
end_of_record
TN:
SF:src\app\services\team.service.ts
FN:40,(anonymous_0)
FN:46,(anonymous_1)
FN:62,(anonymous_2)
FN:65,(anonymous_3)
FN:70,(anonymous_4)
FN:33,(anonymous_5)
FN:34,(anonymous_6)
FN:71,(anonymous_7)
FN:77,(anonymous_8)
FN:101,(anonymous_9)
FN:113,(anonymous_10)
FN:121,(anonymous_11)
FN:126,(anonymous_12)
FN:135,(anonymous_13)
FN:162,(anonymous_14)
FN:167,(anonymous_15)
FN:173,(anonymous_16)
FN:179,(anonymous_17)
FN:207,(anonymous_18)
FN:216,(anonymous_19)
FN:222,(anonymous_20)
FN:223,(anonymous_21)
FN:232,(anonymous_22)
FN:249,(anonymous_23)
FN:270,(anonymous_24)
FNF:25
FNH:0
FNDA:0,(anonymous_0)
FNDA:0,(anonymous_1)
FNDA:0,(anonymous_2)
FNDA:0,(anonymous_3)
FNDA:0,(anonymous_4)
FNDA:0,(anonymous_5)
FNDA:0,(anonymous_6)
FNDA:0,(anonymous_7)
FNDA:0,(anonymous_8)
FNDA:0,(anonymous_9)
FNDA:0,(anonymous_10)
FNDA:0,(anonymous_11)
FNDA:0,(anonymous_12)
FNDA:0,(anonymous_13)
FNDA:0,(anonymous_14)
FNDA:0,(anonymous_15)
FNDA:0,(anonymous_16)
FNDA:0,(anonymous_17)
FNDA:0,(anonymous_18)
FNDA:0,(anonymous_19)
FNDA:0,(anonymous_20)
FNDA:0,(anonymous_21)
FNDA:0,(anonymous_22)
FNDA:0,(anonymous_23)
FNDA:0,(anonymous_24)
DA:26,1
DA:27,0
DA:28,0
DA:29,0
DA:30,0
DA:31,0
DA:33,0
DA:34,0
DA:35,0
DA:36,0
DA:38,0
DA:41,0
DA:44,0
DA:47,0
DA:49,0
DA:50,0
DA:52,0
DA:53,0
DA:54,0
DA:61,0
DA:63,0
DA:66,0
DA:68,0
DA:71,0
DA:72,0
DA:73,0
DA:74,0
DA:77,0
DA:78,0
DA:79,0
DA:80,0
DA:81,0
DA:82,0
DA:84,0
DA:85,0
DA:89,0
DA:90,0
DA:94,0
DA:95,0
DA:99,0
DA:102,0
DA:104,0
DA:106,0
DA:107,0
DA:108,0
DA:109,0
DA:110,0
DA:111,0
DA:112,0
DA:113,0
DA:116,0
DA:122,0
DA:123,0
DA:124,0
DA:125,0
DA:126,0
DA:127,0
DA:136,0
DA:137,0
DA:138,0
DA:145,0
DA:147,0
DA:148,0
DA:149,0
DA:150,0
DA:153,0
DA:163,0
DA:165,0
DA:166,0
DA:168,0
DA:172,0
DA:174,0
DA:180,0
DA:181,0
DA:208,0
DA:217,0
DA:218,0
DA:219,0
DA:220,0
DA:223,0
DA:236,0
DA:237,0
DA:254,0
DA:255,0
DA:276,0
DA:277,0
LF:86
LH:1
BRDA:50,0,0,0
BRDA:50,0,1,0
BRDA:52,1,0,0
BRDA:52,1,1,0
BRDA:52,1,2,0
BRDA:53,2,0,0
BRDA:53,3,0,0
BRDA:53,3,1,0
BRDA:56,4,0,0
BRDA:56,4,1,0
BRDA:73,5,0,0
BRDA:73,6,0,0
BRDA:73,6,1,0
BRDA:80,7,0,0
BRDA:80,8,0,0
BRDA:80,8,1,0
BRDA:94,9,0,0
BRDA:94,10,0,0
BRDA:94,10,1,0
BRDA:99,11,0,0
BRDA:99,11,1,0
BRDA:102,12,0,0
BRDA:102,12,1,0
BRDA:104,13,0,0
BRDA:104,14,0,0
BRDA:104,14,1,0
BRDA:108,15,0,0
BRDA:108,15,1,0
BRDA:111,16,0,0
BRDA:111,16,1,0
BRDA:112,17,0,0
BRDA:116,18,0,0
BRDA:116,18,1,0
BRDA:123,19,0,0
BRDA:123,20,0,0
BRDA:123,20,1,0
BRDA:127,21,0,0
BRDA:127,21,1,0
BRDA:137,22,0,0
BRDA:148,23,0,0
BRDA:148,24,0,0
BRDA:148,24,1,0
BRDA:150,25,0,0
BRDA:165,26,0,0
BRDA:165,26,1,0
BRF:45
BRH:0
end_of_record
TN:
SF:src\app\services\user-activity.service.ts
FN:31,(anonymous_0)
FN:36,(anonymous_1)
FN:49,(anonymous_2)
FN:61,(anonymous_3)
FN:62,(anonymous_4)
FN:68,(anonymous_5)
FN:79,(anonymous_6)
FN:81,(anonymous_7)
FN:82,(anonymous_8)
FN:90,(anonymous_9)
FN:99,(anonymous_10)
FN:104,(anonymous_11)
FN:114,(anonymous_12)
FN:131,(anonymous_13)
FN:163,(anonymous_14)
FN:175,(anonymous_15)
FN:182,(anonymous_16)
FN:195,(anonymous_17)
FN:209,(anonymous_18)
FNF:19
FNH:0
FNDA:0,(anonymous_0)
FNDA:0,(anonymous_1)
FNDA:0,(anonymous_2)
FNDA:0,(anonymous_3)
FNDA:0,(anonymous_4)
FNDA:0,(anonymous_5)
FNDA:0,(anonymous_6)
FNDA:0,(anonymous_7)
FNDA:0,(anonymous_8)
FNDA:0,(anonymous_9)
FNDA:0,(anonymous_10)
FNDA:0,(anonymous_11)
FNDA:0,(anonymous_12)
FNDA:0,(anonymous_13)
FNDA:0,(anonymous_14)
FNDA:0,(anonymous_15)
FNDA:0,(anonymous_16)
FNDA:0,(anonymous_17)
FNDA:0,(anonymous_18)
DA:15,1
DA:16,0
DA:17,0
DA:20,0
DA:21,0
DA:24,0
DA:25,0
DA:28,0
DA:29,0
DA:32,0
DA:33,0
DA:36,0
DA:37,0
DA:42,0
DA:50,0
DA:52,0
DA:61,0
DA:62,0
DA:68,0
DA:69,0
DA:70,0
DA:80,0
DA:81,0
DA:83,0
DA:91,0
DA:92,0
DA:93,0
DA:100,0
DA:101,0
DA:104,0
DA:105,0
DA:106,0
DA:107,0
DA:115,0
DA:116,0
DA:122,0
DA:124,0
DA:132,0
DA:133,0
DA:134,0
DA:135,0
DA:138,0
DA:139,0
DA:140,0
DA:143,0
DA:144,0
DA:145,0
DA:146,0
DA:150,0
DA:151,0
DA:152,0
DA:154,0
DA:155,0
DA:156,0
DA:164,0
DA:165,0
DA:166,0
DA:168,0
DA:176,0
DA:183,0
DA:184,0
DA:185,0
DA:188,0
DA:189,0
DA:196,0
DA:197,0
DA:198,0
DA:200,0
DA:210,0
DA:211,0
DA:213,0
DA:214,0
LF:72
LH:1
BRDA:50,0,0,0
BRDA:69,1,0,0
BRDA:100,2,0,0
BRDA:134,3,0,0
BRDA:143,4,0,0
BRDA:184,5,0,0
BRDA:210,6,0,0
BRDA:213,7,0,0
BRF:8
BRH:0
end_of_record
TN:
SF:src\app\shared\constants.ts
FNF:0
FNH:0
DA:4,1
DA:7,1
DA:8,1
DA:9,1
DA:10,1
DA:11,1
DA:14,1
DA:15,1
DA:16,1
DA:17,1
DA:18,1
DA:19,1
DA:20,1
DA:21,1
DA:22,1
DA:23,1
DA:26,1
DA:29,1
DA:31,1
DA:33,1
DA:35,1
DA:36,1
DA:37,1
DA:38,1
DA:39,1
DA:40,1
DA:41,1
DA:42,1
DA:44,1
DA:45,1
DA:46,1
DA:47,1
DA:48,1
DA:49,1
DA:50,1
DA:51,1
DA:52,1
DA:53,1
DA:54,1
DA:55,1
DA:56,1
DA:57,1
DA:58,1
DA:59,1
DA:60,1
DA:61,1
DA:62,1
DA:63,1
DA:64,1
DA:65,1
DA:66,1
DA:67,1
DA:68,1
DA:69,1
DA:70,1
DA:71,1
DA:72,1
DA:73,1
DA:75,1
DA:91,1
DA:101,1
LF:61
LH:61
BRDA:32,0,0,1
BRDA:32,0,1,0
BRDA:34,1,0,1
BRDA:34,1,1,0
BRF:4
BRH:2
end_of_record
TN:
SF:src\app\shared\error-message.ts
FN:4,setErrorMessage
FNF:1
FNH:0
FNDA:0,setErrorMessage
DA:5,0
DA:6,0
DA:7,0
DA:8,0
DA:10,0
DA:13,0
DA:14,0
DA:15,0
DA:16,0
DA:19,0
LF:10
LH:0
BRDA:6,0,0,0
BRDA:6,0,1,0
BRDA:7,1,0,0
BRDA:8,2,0,0
BRDA:8,2,1,0
BRDA:14,3,0,0
BRDA:15,4,0,0
BRDA:16,5,0,0
BRDA:16,6,0,0
BRDA:16,6,1,0
BRF:10
BRH:0
end_of_record
TN:
SF:src\app\shared\components\login\login.ts
FN:52,(anonymous_0)
FN:55,(anonymous_1)
FN:59,(anonymous_2)
FN:58,(anonymous_3)
FN:61,(anonymous_4)
FN:67,(anonymous_5)
FN:70,(anonymous_6)
FN:83,(anonymous_7)
FN:85,(anonymous_8)
FN:104,(anonymous_9)
FNF:10
FNH:5
FNDA:0,(anonymous_0)
FNDA:0,(anonymous_1)
FNDA:2,(anonymous_2)
FNDA:0,(anonymous_3)
FNDA:2,(anonymous_4)
FNDA:0,(anonymous_5)
FNDA:1,(anonymous_6)
FNDA:1,(anonymous_7)
FNDA:1,(anonymous_8)
FNDA:0,(anonymous_9)
DA:35,1
DA:37,2
DA:38,2
DA:39,2
DA:40,2
DA:41,2
DA:42,2
DA:47,2
DA:48,2
DA:49,2
DA:50,2
DA:51,2
DA:53,0
DA:56,0
DA:58,2
DA:62,2
DA:63,2
DA:64,2
DA:65,2
DA:68,0
DA:71,1
DA:72,1
DA:73,0
DA:74,0
DA:75,0
DA:77,1
DA:78,1
DA:84,1
DA:86,1
DA:87,1
DA:88,1
DA:89,1
DA:90,1
DA:91,1
DA:92,1
DA:93,1
DA:94,1
DA:96,0
DA:99,0
DA:100,0
DA:101,0
DA:105,0
DA:106,0
DA:107,0
LF:44
LH:31
BRDA:72,0,0,0
BRDA:79,1,0,1
BRDA:79,1,1,0
BRDA:80,2,0,1
BRDA:80,2,1,0
BRDA:86,3,0,1
BRDA:86,3,1,0
BRDA:93,4,0,1
BRDA:93,4,1,0
BRF:9
BRH:4
end_of_record
TN:
SF:src\app\shared\components\section-title\section-title.ts
FN:12,(anonymous_0)
FNF:1
FNH:1
FNDA:2,(anonymous_0)
DA:12,1
DA:13,2
LF:2
LH:2
BRF:0
BRH:0
end_of_record
TN:
SF:src\app\shared\components\shell-title\shell-title.ts
FN:11,(anonymous_0)
FNF:1
FNH:1
FNDA:1,(anonymous_0)
DA:11,1
DA:12,1
LF:2
LH:2
BRF:0
BRH:0
end_of_record
TN:
SF:src\app\shared\directives\app-feature-flag.directive.ts
FN:13,(anonymous_0)
FN:24,(anonymous_1)
FNF:2
FNH:2
FNDA:2,(anonymous_0)
FNDA:2,(anonymous_1)
DA:7,1
DA:8,2
DA:9,2
DA:11,2
DA:14,2
DA:15,2
DA:17,2
DA:18,1
LF:8
LH:8
BRDA:17,0,0,1
BRF:1
BRH:1
end_of_record
TN:
SF:src\app\shared\guards\admin-guard.guard.ts
FN:4,(anonymous_0)
FNF:1
FNH:1
FNDA:2,(anonymous_0)
DA:4,1
DA:5,2
DA:6,2
LF:3
LH:3
BRF:0
BRH:0
end_of_record
TN:
SF:src\app\shared\services\base-form.component.ts
FN:25,(anonymous_0)
FN:31,(anonymous_1)
FN:38,(anonymous_2)
FN:49,(anonymous_3)
FN:56,(anonymous_4)
FN:63,(anonymous_5)
FN:76,(anonymous_6)
FN:88,(anonymous_7)
FN:95,(anonymous_8)
FN:104,(anonymous_9)
FN:108,(anonymous_10)
FNF:11
FNH:2
FNDA:8,(anonymous_0)
FNDA:0,(anonymous_1)
FNDA:0,(anonymous_2)
FNDA:0,(anonymous_3)
FNDA:0,(anonymous_4)
FNDA:0,(anonymous_5)
FNDA:0,(anonymous_6)
FNDA:0,(anonymous_7)
FNDA:0,(anonymous_8)
FNDA:0,(anonymous_9)
FNDA:8,(anonymous_10)
DA:17,1
DA:18,8
DA:23,8
DA:32,0
DA:39,0
DA:50,0
DA:57,0
DA:64,0
DA:66,0
DA:67,0
DA:68,0
DA:70,0
DA:77,0
DA:89,0
DA:96,0
DA:97,0
DA:105,0
DA:109,8
DA:110,8
LF:19
LH:5
BRDA:64,0,0,0
BRDA:66,1,0,0
BRDA:67,2,0,0
BRDA:68,3,0,0
BRDA:96,4,0,0
BRDA:105,5,0,0
BRDA:105,5,1,0
BRF:7
BRH:0
end_of_record
TN:
SF:src\app\shared\services\feature-flags.ts
FN:23,(anonymous_0)
FN:15,(anonymous_1)
FN:17,(anonymous_2)
FN:27,(anonymous_3)
FN:36,(anonymous_4)
FN:40,(anonymous_5)
FN:47,(anonymous_6)
FN:52,(anonymous_7)
FN:53,(anonymous_8)
FNF:9
FNH:0
FNDA:0,(anonymous_0)
FNDA:0,(anonymous_1)
FNDA:0,(anonymous_2)
FNDA:0,(anonymous_3)
FNDA:0,(anonymous_4)
FNDA:0,(anonymous_5)
FNDA:0,(anonymous_6)
FNDA:0,(anonymous_7)
FNDA:0,(anonymous_8)
DA:8,1
DA:9,0
DA:11,0
DA:12,0
DA:15,0
DA:16,0
DA:17,0
DA:24,0
DA:28,0
DA:32,0
DA:33,0
DA:37,0
DA:38,0
DA:41,0
DA:42,0
DA:48,0
DA:53,0
LF:17
LH:1
BRDA:48,0,0,0
BRDA:48,0,1,0
BRDA:53,1,0,0
BRDA:53,1,1,0
BRF:4
BRH:0
end_of_record
TN:
SF:src\app\shared\services\form-validation.service.ts
FN:17,(anonymous_0)
FN:33,(anonymous_1)
FN:53,(anonymous_2)
FN:71,(anonymous_3)
FNF:4
FNH:0
FNDA:0,(anonymous_0)
FNDA:0,(anonymous_1)
FNDA:0,(anonymous_2)
FNDA:0,(anonymous_3)
DA:10,1
DA:18,0
DA:23,0
DA:38,0
DA:40,0
DA:41,0
DA:44,0
DA:57,0
DA:59,0
DA:72,0
LF:10
LH:1
BRDA:17,0,0,0
BRDA:18,1,0,0
BRDA:18,2,0,0
BRDA:18,2,1,0
BRDA:23,3,0,0
BRDA:23,3,1,0
BRDA:36,4,0,0
BRDA:38,5,0,0
BRDA:40,6,0,0
BRDA:40,7,0,0
BRDA:40,7,1,0
BRDA:41,8,0,0
BRDA:41,8,1,0
BRDA:44,9,0,0
BRDA:44,9,1,0
BRDA:72,10,0,0
BRDA:72,10,1,0
BRDA:72,11,0,0
BRDA:72,11,1,0
BRF:19
BRH:0
end_of_record
TN:
SF:src\app\shared\services\notice-types.service.ts
FN:16,(anonymous_0)
FN:17,(anonymous_1)
FNF:2
FNH:2
FNDA:1,(anonymous_0)
FNDA:1,(anonymous_1)
DA:16,1
DA:17,1
LF:2
LH:2
BRF:0
BRH:0
end_of_record
TN:
SF:src\app\user\state\user.actions.ts
FN:6,(anonymous_0)
FN:14,(anonymous_1)
FN:19,(anonymous_2)
FNF:3
FNH:2
FNDA:1,(anonymous_0)
FNDA:0,(anonymous_1)
FNDA:8,(anonymous_2)
DA:6,1
DA:7,1
DA:8,1
DA:12,0
DA:14,0
DA:18,8
DA:19,8
LF:7
LH:5
BRDA:6,0,0,1
BRDA:6,0,1,1
BRF:2
BRH:2
end_of_record
TN:
SF:src\environments\environment.ts
FNF:0
FNH:0
DA:6,1
LF:1
LH:1
BRF:0
BRH:0
end_of_record
