TN:
SF:src\app\domain\division.ts
FN:1,(anonymous_0)
FNF:1
FNH:1
FNDA:36,(anonymous_0)
DA:2,36
DA:9,36
DA:12,36
DA:14,36
LF:4
LH:4
BRF:0
BRH:0
end_of_record
TN:
SF:src\app\domain\season.ts
FN:18,(anonymous_0)
FNF:1
FNH:1
FNDA:2,(anonymous_0)
LF:0
LH:0
BRF:0
BRH:0
end_of_record
TN:
SF:src\app\domain\team.ts
FN:10,(anonymous_0)
FNF:1
FNH:0
FNDA:0,(anonymous_0)
DA:17,0
DA:18,0
DA:19,0
DA:20,0
DA:21,0
LF:5
LH:0
BRF:0
BRH:0
end_of_record
TN:
SF:src\app\domain\user.ts
FN:18,(anonymous_0)
FNF:1
FNH:1
FNDA:6,(anonymous_0)
DA:19,6
DA:20,6
DA:21,6
LF:3
LH:3
BRF:0
BRH:0
end_of_record
TN:
SF:src\app\services\auth.service.ts
FN:56,(anonymous_0)
FN:32,(anonymous_1)
FN:33,(anonymous_2)
FN:37,(anonymous_3)
FN:48,(anonymous_4)
FN:61,(anonymous_5)
FN:64,(anonymous_6)
FN:74,(anonymous_7)
FN:92,(anonymous_8)
FN:100,(anonymous_9)
FN:108,(anonymous_10)
FN:116,(anonymous_11)
FN:124,(anonymous_12)
FN:131,(anonymous_13)
FN:137,(anonymous_14)
FN:147,(anonymous_15)
FN:150,(anonymous_16)
FN:159,(anonymous_17)
FN:169,(anonymous_18)
FN:178,(anonymous_19)
FN:185,(anonymous_20)
FN:192,(anonymous_21)
FNF:22
FNH:19
FNDA:24,(anonymous_0)
FNDA:2,(anonymous_1)
FNDA:4,(anonymous_2)
FNDA:5,(anonymous_3)
FNDA:2,(anonymous_4)
FNDA:0,(anonymous_5)
FNDA:0,(anonymous_6)
FNDA:24,(anonymous_7)
FNDA:22,(anonymous_8)
FNDA:0,(anonymous_9)
FNDA:2,(anonymous_10)
FNDA:1,(anonymous_11)
FNDA:1,(anonymous_12)
FNDA:4,(anonymous_13)
FNDA:2,(anonymous_14)
FNDA:1,(anonymous_15)
FNDA:1,(anonymous_16)
FNDA:3,(anonymous_17)
FNDA:1,(anonymous_18)
FNDA:1,(anonymous_19)
FNDA:1,(anonymous_20)
FNDA:1,(anonymous_21)
DA:20,1
DA:21,24
DA:22,24
DA:23,24
DA:24,24
DA:25,24
DA:26,24
DA:29,24
DA:32,24
DA:33,24
DA:34,4
DA:35,4
DA:37,24
DA:38,5
DA:39,5
DA:41,5
DA:44,3
DA:47,2
DA:48,2
DA:57,24
DA:61,24
DA:62,0
DA:63,0
DA:64,0
DA:65,0
DA:76,24
DA:77,24
DA:78,2
DA:79,2
DA:81,2
DA:82,2
DA:86,22
DA:87,22
DA:93,22
DA:94,0
DA:95,0
DA:97,22
DA:101,0
DA:102,0
DA:109,2
DA:117,1
DA:118,1
DA:119,1
DA:121,1
DA:125,1
DA:126,1
DA:132,4
DA:133,4
DA:134,4
DA:138,2
DA:140,2
DA:148,1
DA:151,1
DA:160,3
DA:161,3
DA:162,3
DA:163,3
DA:170,1
DA:171,1
DA:179,1
DA:186,1
DA:193,1
LF:62
LH:54
BRDA:35,0,0,3
BRDA:35,0,1,1
BRDA:35,1,0,3
BRDA:35,1,1,2
BRDA:41,2,0,2
BRDA:41,3,0,5
BRDA:41,3,1,4
BRDA:44,4,0,1
BRDA:44,5,0,3
BRDA:44,5,1,2
BRDA:48,6,0,2
BRDA:48,6,1,0
BRDA:63,7,0,0
BRDA:77,8,0,2
BRDA:93,9,0,0
BRDA:93,9,1,22
BRDA:117,10,0,1
BRF:17
BRH:14
end_of_record
TN:
SF:src\app\services\data.service.ts
FN:10,(anonymous_0)
FN:21,(anonymous_1)
FN:23,(anonymous_2)
FN:29,(anonymous_3)
FN:33,(anonymous_4)
FN:37,(anonymous_5)
FN:53,(anonymous_6)
FN:56,(anonymous_7)
FN:60,(anonymous_8)
FN:72,(anonymous_9)
FN:73,(anonymous_10)
FN:84,(anonymous_11)
FNF:12
FNH:0
FNDA:0,(anonymous_0)
FNDA:0,(anonymous_1)
FNDA:0,(anonymous_2)
FNDA:0,(anonymous_3)
FNDA:0,(anonymous_4)
FNDA:0,(anonymous_5)
FNDA:0,(anonymous_6)
FNDA:0,(anonymous_7)
FNDA:0,(anonymous_8)
FNDA:0,(anonymous_9)
FNDA:0,(anonymous_10)
FNDA:0,(anonymous_11)
DA:10,1
DA:11,0
DA:12,0
DA:14,0
DA:22,0
DA:24,0
DA:30,0
DA:31,0
DA:32,0
DA:33,0
DA:38,0
DA:39,0
DA:41,0
DA:54,0
DA:55,0
DA:57,0
DA:61,0
DA:62,0
DA:73,0
DA:75,0
DA:81,0
DA:85,0
LF:22
LH:1
BRDA:72,0,0,0
BRF:1
BRH:0
end_of_record
TN:
SF:src\app\services\division.service.ts
FN:38,(anonymous_0)
FN:57,(anonymous_1)
FN:62,(anonymous_2)
FN:66,(anonymous_3)
FN:70,(anonymous_4)
FN:109,(anonymous_5)
FN:112,(anonymous_6)
FN:117,(anonymous_7)
FN:120,(anonymous_8)
FN:146,(anonymous_9)
FN:34,(anonymous_10)
FN:91,(anonymous_11)
FN:95,(anonymous_12)
FN:100,(anonymous_13)
FN:101,(anonymous_14)
FN:102,(anonymous_15)
FN:147,(anonymous_16)
FN:185,(anonymous_17)
FN:186,(anonymous_18)
FN:192,(anonymous_19)
FN:195,(anonymous_20)
FN:201,(anonymous_21)
FN:202,(anonymous_22)
FN:209,(anonymous_23)
FN:213,(anonymous_24)
FN:220,(anonymous_25)
FN:229,(anonymous_26)
FN:241,(anonymous_27)
FN:250,(anonymous_28)
FN:254,(anonymous_29)
FN:280,(anonymous_30)
FN:283,(anonymous_31)
FN:298,(anonymous_32)
FN:382,(anonymous_33)
FN:389,(anonymous_34)
FN:395,(anonymous_35)
FN:413,(anonymous_36)
FN:418,(anonymous_37)
FN:432,(anonymous_38)
FN:443,(anonymous_39)
FN:464,(anonymous_40)
FNF:41
FNH:25
FNDA:7,(anonymous_0)
FNDA:5,(anonymous_1)
FNDA:0,(anonymous_2)
FNDA:0,(anonymous_3)
FNDA:0,(anonymous_4)
FNDA:0,(anonymous_5)
FNDA:6,(anonymous_6)
FNDA:0,(anonymous_7)
FNDA:0,(anonymous_8)
FNDA:30,(anonymous_9)
FNDA:0,(anonymous_10)
FNDA:0,(anonymous_11)
FNDA:0,(anonymous_12)
FNDA:3,(anonymous_13)
FNDA:0,(anonymous_14)
FNDA:1,(anonymous_15)
FNDA:0,(anonymous_16)
FNDA:2,(anonymous_17)
FNDA:2,(anonymous_18)
FNDA:0,(anonymous_19)
FNDA:0,(anonymous_20)
FNDA:7,(anonymous_21)
FNDA:7,(anonymous_22)
FNDA:5,(anonymous_23)
FNDA:4,(anonymous_24)
FNDA:2,(anonymous_25)
FNDA:2,(anonymous_26)
FNDA:1,(anonymous_27)
FNDA:0,(anonymous_28)
FNDA:0,(anonymous_29)
FNDA:0,(anonymous_30)
FNDA:3,(anonymous_31)
FNDA:6,(anonymous_32)
FNDA:7,(anonymous_33)
FNDA:7,(anonymous_34)
FNDA:2,(anonymous_35)
FNDA:1,(anonymous_36)
FNDA:3,(anonymous_37)
FNDA:7,(anonymous_38)
FNDA:5,(anonymous_39)
FNDA:5,(anonymous_40)
DA:26,1
DA:29,30
DA:30,30
DA:31,30
DA:32,30
DA:33,30
DA:34,30
DA:36,30
DA:39,7
DA:40,7
DA:42,7
DA:44,7
DA:45,7
DA:46,7
DA:47,7
DA:55,30
DA:56,30
DA:58,5
DA:61,30
DA:63,0
DA:67,0
DA:71,0
DA:72,0
DA:78,0
DA:79,0
DA:80,0
DA:84,30
DA:91,30
DA:92,30
DA:94,30
DA:95,30
DA:100,30
DA:101,30
DA:102,30
DA:106,30
DA:110,0
DA:113,6
DA:118,0
DA:121,0
DA:128,30
DA:147,30
DA:148,0
DA:149,0
DA:150,0
DA:154,0
DA:155,0
DA:157,0
DA:159,0
DA:160,0
DA:161,0
DA:162,0
DA:186,2
DA:193,0
DA:194,0
DA:195,0
DA:199,0
DA:202,7
DA:206,7
DA:210,5
DA:211,5
DA:212,5
DA:214,4
DA:215,4
DA:217,4
DA:218,4
DA:219,4
DA:220,2
DA:223,4
DA:224,3
DA:225,3
DA:226,3
DA:227,1
DA:228,1
DA:229,2
DA:235,4
DA:236,4
DA:237,4
DA:239,4
DA:242,1
DA:243,1
DA:245,1
DA:251,0
DA:255,0
DA:256,0
DA:260,0
DA:261,0
DA:262,0
DA:263,0
DA:264,0
DA:265,0
DA:266,0
DA:269,0
DA:270,0
DA:272,0
DA:281,0
DA:284,3
DA:299,6
DA:300,6
DA:301,6
DA:303,6
DA:305,1
DA:306,1
DA:307,1
DA:308,1
DA:309,1
DA:310,1
DA:311,1
DA:312,1
DA:315,0
DA:316,0
DA:317,0
DA:318,0
DA:319,0
DA:322,1
DA:323,1
DA:324,1
DA:325,1
DA:326,1
DA:329,1
DA:330,1
DA:331,1
DA:332,1
DA:333,1
DA:336,0
DA:337,0
DA:338,0
DA:339,0
DA:340,0
DA:343,0
DA:344,0
DA:345,0
DA:346,0
DA:347,0
DA:350,0
DA:351,0
DA:352,0
DA:353,0
DA:354,0
DA:357,0
DA:358,0
DA:359,0
DA:360,0
DA:361,0
DA:364,1
DA:365,1
DA:366,1
DA:367,1
DA:368,1
DA:371,1
DA:372,1
DA:373,1
DA:374,1
DA:375,1
DA:379,6
DA:383,7
DA:384,7
DA:387,7
DA:390,7
DA:391,7
DA:392,7
DA:396,2
DA:397,2
DA:398,1
DA:399,1
DA:406,1
DA:407,1
DA:414,1
DA:415,1
DA:419,3
DA:420,16
DA:421,2
DA:424,1
DA:437,7
DA:438,3
DA:441,4
DA:443,4
DA:445,5
DA:446,2
DA:447,1
DA:452,4
DA:453,3
DA:456,1
DA:460,3
DA:469,5
DA:470,2
DA:472,3
DA:473,3
DA:474,3
LF:188
LH:125
BRDA:45,0,0,7
BRDA:45,0,1,0
BRDA:45,0,2,0
BRDA:46,1,0,7
BRDA:49,2,0,7
BRDA:49,2,1,0
BRDA:154,3,0,0
BRDA:154,3,1,0
BRDA:157,4,0,0
BRDA:219,5,0,1
BRDA:223,6,0,3
BRDA:226,7,0,1
BRDA:228,8,0,1
BRDA:235,9,0,4
BRDA:235,9,1,2
BRDA:236,10,0,4
BRDA:261,11,0,0
BRDA:261,11,1,0
BRDA:263,12,0,0
BRDA:301,13,0,6
BRDA:301,13,1,6
BRDA:303,14,0,1
BRDA:303,14,1,0
BRDA:303,14,2,1
BRDA:303,14,3,1
BRDA:303,14,4,0
BRDA:303,14,5,0
BRDA:303,14,6,0
BRDA:303,14,7,0
BRDA:303,14,8,1
BRDA:303,14,9,1
BRDA:397,15,0,1
BRDA:397,15,1,1
BRDA:420,16,0,2
BRDA:437,17,0,3
BRDA:437,18,0,7
BRDA:437,18,1,6
BRDA:437,18,2,5
BRDA:445,19,0,2
BRDA:446,20,0,1
BRDA:452,21,0,3
BRDA:453,22,0,1
BRDA:469,23,0,2
BRDA:469,24,0,5
BRDA:469,24,1,3
BRDA:474,25,0,3
BRDA:474,25,1,2
BRF:47
BRH:33
end_of_record
TN:
SF:src\app\services\game.service.ts
FN:63,(anonymous_0)
FN:66,(anonymous_1)
FN:70,(anonymous_2)
FN:77,(anonymous_3)
FN:80,(anonymous_4)
FN:85,(anonymous_5)
FN:96,(anonymous_6)
FN:99,(anonymous_7)
FN:145,(anonymous_8)
FN:48,(anonymous_9)
FN:58,(anonymous_10)
FN:59,(anonymous_11)
FN:60,(anonymous_12)
FN:103,(anonymous_13)
FN:111,(anonymous_14)
FN:113,(anonymous_15)
FN:121,(anonymous_16)
FN:131,(anonymous_17)
FN:146,(anonymous_18)
FN:158,(anonymous_19)
FN:169,(anonymous_20)
FN:179,(anonymous_21)
FN:188,(anonymous_22)
FN:197,(anonymous_23)
FN:204,(anonymous_24)
FN:214,(anonymous_25)
FN:229,(anonymous_26)
FN:231,(anonymous_27)
FN:236,(anonymous_28)
FN:242,(anonymous_29)
FN:248,(anonymous_30)
FN:261,(anonymous_31)
FN:273,(anonymous_32)
FN:275,(anonymous_33)
FN:281,(anonymous_34)
FN:287,(anonymous_35)
FN:292,(anonymous_36)
FN:296,(anonymous_37)
FN:303,(anonymous_38)
FN:305,(anonymous_39)
FN:307,(anonymous_40)
FN:312,(anonymous_41)
FN:314,(anonymous_42)
FN:356,(anonymous_43)
FN:373,(anonymous_44)
FN:377,(anonymous_45)
FN:383,(anonymous_46)
FN:386,(anonymous_47)
FN:398,(anonymous_48)
FN:407,(anonymous_49)
FN:417,(anonymous_50)
FN:429,(anonymous_51)
FN:457,(anonymous_52)
FN:459,(anonymous_53)
FN:463,(anonymous_54)
FN:466,(anonymous_55)
FN:484,(anonymous_56)
FN:485,(anonymous_57)
FNF:58
FNH:38
FNDA:0,(anonymous_0)
FNDA:0,(anonymous_1)
FNDA:7,(anonymous_2)
FNDA:4,(anonymous_3)
FNDA:3,(anonymous_4)
FNDA:1,(anonymous_5)
FNDA:71,(anonymous_6)
FNDA:6,(anonymous_7)
FNDA:28,(anonymous_8)
FNDA:30,(anonymous_9)
FNDA:0,(anonymous_10)
FNDA:0,(anonymous_11)
FNDA:9,(anonymous_12)
FNDA:2,(anonymous_13)
FNDA:0,(anonymous_14)
FNDA:0,(anonymous_15)
FNDA:28,(anonymous_16)
FNDA:7,(anonymous_17)
FNDA:1,(anonymous_18)
FNDA:1,(anonymous_19)
FNDA:1,(anonymous_20)
FNDA:0,(anonymous_21)
FNDA:1,(anonymous_22)
FNDA:1,(anonymous_23)
FNDA:8,(anonymous_24)
FNDA:0,(anonymous_25)
FNDA:0,(anonymous_26)
FNDA:0,(anonymous_27)
FNDA:2,(anonymous_28)
FNDA:1,(anonymous_29)
FNDA:11,(anonymous_30)
FNDA:4,(anonymous_31)
FNDA:0,(anonymous_32)
FNDA:0,(anonymous_33)
FNDA:1,(anonymous_34)
FNDA:1,(anonymous_35)
FNDA:1,(anonymous_36)
FNDA:0,(anonymous_37)
FNDA:1,(anonymous_38)
FNDA:1,(anonymous_39)
FNDA:0,(anonymous_40)
FNDA:11,(anonymous_41)
FNDA:11,(anonymous_42)
FNDA:1,(anonymous_43)
FNDA:0,(anonymous_44)
FNDA:0,(anonymous_45)
FNDA:10,(anonymous_46)
FNDA:0,(anonymous_47)
FNDA:0,(anonymous_48)
FNDA:0,(anonymous_49)
FNDA:0,(anonymous_50)
FNDA:1,(anonymous_51)
FNDA:1,(anonymous_52)
FNDA:1,(anonymous_53)
FNDA:1,(anonymous_54)
FNDA:1,(anonymous_55)
FNDA:8,(anonymous_56)
FNDA:12,(anonymous_57)
DA:38,1
DA:40,28
DA:41,28
DA:42,28
DA:43,28
DA:44,28
DA:45,28
DA:46,28
DA:48,28
DA:49,30
DA:50,30
DA:51,30
DA:54,28
DA:55,28
DA:56,28
DA:57,28
DA:58,28
DA:59,28
DA:60,28
DA:61,28
DA:64,0
DA:67,0
DA:71,7
DA:75,28
DA:78,4
DA:81,3
DA:82,3
DA:83,3
DA:86,1
DA:90,28
DA:92,28
DA:94,28
DA:97,71
DA:100,6
DA:101,6
DA:103,28
DA:104,2
DA:109,28
DA:110,28
DA:112,0
DA:114,0
DA:121,28
DA:122,28
DA:124,28
DA:129,28
DA:130,28
DA:131,28
DA:132,28
DA:137,28
DA:138,28
DA:146,28
DA:147,1
DA:148,1
DA:151,1
DA:152,1
DA:153,0
DA:158,28
DA:159,1
DA:160,1
DA:163,1
DA:164,1
DA:165,0
DA:169,28
DA:170,1
DA:171,1
DA:175,1
DA:176,1
DA:177,1
DA:179,0
DA:180,0
DA:183,0
DA:184,0
DA:188,28
DA:189,1
DA:190,1
DA:195,1
DA:197,1
DA:198,1
DA:199,1
DA:205,8
DA:207,8
DA:208,8
DA:210,8
DA:212,8
DA:214,0
DA:217,8
DA:221,8
DA:222,8
DA:225,8
DA:226,8
DA:230,0
DA:231,0
DA:238,2
DA:239,2
DA:240,1
DA:244,1
DA:249,11
DA:250,11
DA:251,11
DA:252,11
DA:253,9
DA:254,18
DA:255,9
DA:256,9
DA:257,9
DA:260,9
DA:261,9
DA:262,4
DA:265,9
DA:267,2
DA:270,0
DA:274,0
DA:275,0
DA:282,1
DA:287,1
DA:293,1
DA:294,1
DA:295,0
DA:296,0
DA:297,0
DA:300,1
DA:304,1
DA:305,1
DA:307,0
DA:313,11
DA:314,11
DA:315,11
DA:316,11
DA:317,11
DA:318,10
DA:320,11
DA:322,11
DA:357,1
DA:358,1
DA:360,0
DA:362,0
DA:363,0
DA:364,0
DA:365,0
DA:369,0
DA:373,0
DA:374,0
DA:377,0
DA:378,0
DA:384,10
DA:387,0
DA:393,0
DA:394,0
DA:395,0
DA:396,0
DA:397,0
DA:399,0
DA:401,0
DA:408,0
DA:414,0
DA:415,0
DA:416,0
DA:418,0
DA:420,0
DA:438,1
DA:445,1
DA:452,1
DA:453,1
DA:454,1
DA:455,1
DA:457,1
DA:461,1
DA:463,1
DA:464,1
DA:465,1
DA:466,1
DA:468,1
DA:469,1
DA:470,1
DA:471,1
DA:474,1
DA:476,1
DA:485,8
DA:486,12
DA:487,8
LF:180
LH:136
BRDA:71,0,0,4
BRDA:71,0,1,3
BRDA:71,1,0,6
BRDA:71,1,1,1
BRDA:50,2,0,30
BRDA:50,2,1,28
BRDA:104,3,0,1
BRDA:104,3,1,1
BRDA:152,4,0,0
BRDA:164,5,0,0
BRDA:177,6,0,0
BRDA:212,7,0,0
BRDA:212,7,1,8
BRDA:212,8,0,8
BRDA:212,8,1,8
BRDA:212,8,2,0
BRDA:212,8,3,0
BRDA:214,9,0,0
BRDA:214,9,1,0
BRDA:239,10,0,1
BRDA:251,11,0,11
BRDA:251,11,1,5
BRDA:252,12,0,9
BRDA:254,13,0,9
BRDA:294,14,0,0
BRDA:304,15,0,1
BRDA:304,15,1,0
BRDA:317,16,0,10
BRDA:357,17,0,1
BRDA:363,18,0,0
BRDA:365,19,0,0
BRDA:366,20,0,0
BRDA:366,20,1,0
BRDA:449,21,0,1
BRDA:449,21,1,1
BRDA:450,22,0,1
BRDA:450,22,1,1
BRDA:464,23,0,0
BRDA:468,24,0,0
BRDA:486,25,0,12
BRDA:486,25,1,10
BRDA:486,25,2,9
BRDA:486,25,3,8
BRDA:487,26,0,8
BRDA:487,26,1,4
BRF:45
BRH:29
end_of_record
TN:
SF:src\app\services\logger.service.ts
FN:8,(anonymous_0)
FN:13,(anonymous_1)
FN:17,(anonymous_2)
FN:25,(anonymous_3)
FN:33,(anonymous_4)
FN:43,(anonymous_5)
FN:53,(anonymous_6)
FNF:7
FNH:0
FNDA:0,(anonymous_0)
FNDA:0,(anonymous_1)
FNDA:0,(anonymous_2)
FNDA:0,(anonymous_3)
FNDA:0,(anonymous_4)
FNDA:0,(anonymous_5)
FNDA:0,(anonymous_6)
DA:8,1
DA:9,0
DA:14,0
DA:18,0
DA:20,0
DA:21,0
DA:26,0
DA:28,0
DA:29,0
DA:36,0
DA:37,0
DA:38,0
DA:39,0
DA:45,0
DA:47,0
DA:48,0
DA:49,0
DA:54,0
DA:56,0
DA:57,0
LF:20
LH:1
BRDA:14,0,0,0
BRDA:14,0,1,0
BRDA:18,1,0,0
BRDA:20,2,0,0
BRDA:20,2,1,0
BRDA:26,3,0,0
BRDA:28,4,0,0
BRDA:28,4,1,0
BRDA:36,5,0,0
BRDA:36,5,1,0
BRDA:37,6,0,0
BRDA:37,6,1,0
BRDA:38,7,0,0
BRDA:38,8,0,0
BRDA:38,8,1,0
BRDA:45,9,0,0
BRDA:45,9,1,0
BRDA:45,9,2,0
BRDA:47,10,0,0
BRDA:48,11,0,0
BRDA:48,11,1,0
BRDA:54,12,0,0
BRDA:56,13,0,0
BRDA:56,13,1,0
BRF:24
BRH:0
end_of_record
TN:
SF:src\app\services\logger.tokens.ts
FNF:0
FNH:0
DA:10,1
LF:1
LH:1
BRF:0
BRH:0
end_of_record
TN:
SF:src\app\services\season.service.ts
FN:31,(anonymous_0)
FN:64,(anonymous_1)
FN:65,(anonymous_2)
FN:66,(anonymous_3)
FN:90,(anonymous_4)
FN:92,(anonymous_5)
FN:93,(anonymous_6)
FN:94,(anonymous_7)
FN:95,(anonymous_8)
FN:96,(anonymous_9)
FN:106,(anonymous_10)
FN:43,(anonymous_11)
FN:46,(anonymous_12)
FN:59,(anonymous_13)
FN:71,(anonymous_14)
FN:74,(anonymous_15)
FN:75,(anonymous_16)
FN:85,(anonymous_17)
FN:108,(anonymous_18)
FN:110,(anonymous_19)
FN:115,(anonymous_20)
FN:119,(anonymous_21)
FN:128,(anonymous_22)
FN:140,(anonymous_23)
FNF:24
FNH:0
FNDA:0,(anonymous_0)
FNDA:0,(anonymous_1)
FNDA:0,(anonymous_2)
FNDA:0,(anonymous_3)
FNDA:0,(anonymous_4)
FNDA:0,(anonymous_5)
FNDA:0,(anonymous_6)
FNDA:0,(anonymous_7)
FNDA:0,(anonymous_8)
FNDA:0,(anonymous_9)
FNDA:0,(anonymous_10)
FNDA:0,(anonymous_11)
FNDA:0,(anonymous_12)
FNDA:0,(anonymous_13)
FNDA:0,(anonymous_14)
FNDA:0,(anonymous_15)
FNDA:0,(anonymous_16)
FNDA:0,(anonymous_17)
FNDA:0,(anonymous_18)
FNDA:0,(anonymous_19)
FNDA:0,(anonymous_20)
FNDA:0,(anonymous_21)
FNDA:0,(anonymous_22)
FNDA:0,(anonymous_23)
DA:31,1
DA:33,0
DA:34,0
DA:35,0
DA:36,0
DA:37,0
DA:40,0
DA:42,0
DA:44,0
DA:47,0
DA:50,0
DA:55,0
DA:56,0
DA:60,0
DA:63,0
DA:64,0
DA:65,0
DA:66,0
DA:72,0
DA:75,0
DA:76,0
DA:77,0
DA:78,0
DA:81,0
DA:82,0
DA:86,0
DA:89,0
DA:90,0
DA:92,0
DA:93,0
DA:94,0
DA:95,0
DA:96,0
DA:97,0
DA:98,0
DA:99,0
DA:100,0
DA:104,0
DA:106,0
DA:107,0
DA:109,0
DA:111,0
DA:116,0
DA:120,0
DA:121,0
DA:122,0
DA:129,0
DA:130,0
DA:131,0
DA:133,0
DA:134,0
DA:135,0
DA:141,0
LF:53
LH:1
BRDA:93,0,0,0
BRDA:93,0,1,0
BRDA:98,1,0,0
BRDA:101,2,0,0
BRDA:101,2,1,0
BRDA:101,2,2,0
BRF:6
BRH:0
end_of_record
TN:
SF:src\app\services\team.service.ts
FN:40,(anonymous_0)
FN:46,(anonymous_1)
FN:62,(anonymous_2)
FN:65,(anonymous_3)
FN:70,(anonymous_4)
FN:33,(anonymous_5)
FN:34,(anonymous_6)
FN:71,(anonymous_7)
FN:77,(anonymous_8)
FN:101,(anonymous_9)
FN:113,(anonymous_10)
FN:121,(anonymous_11)
FN:126,(anonymous_12)
FN:135,(anonymous_13)
FN:162,(anonymous_14)
FN:167,(anonymous_15)
FN:173,(anonymous_16)
FN:179,(anonymous_17)
FN:207,(anonymous_18)
FN:216,(anonymous_19)
FN:222,(anonymous_20)
FN:223,(anonymous_21)
FN:232,(anonymous_22)
FN:249,(anonymous_23)
FN:270,(anonymous_24)
FNF:25
FNH:0
FNDA:0,(anonymous_0)
FNDA:0,(anonymous_1)
FNDA:0,(anonymous_2)
FNDA:0,(anonymous_3)
FNDA:0,(anonymous_4)
FNDA:0,(anonymous_5)
FNDA:0,(anonymous_6)
FNDA:0,(anonymous_7)
FNDA:0,(anonymous_8)
FNDA:0,(anonymous_9)
FNDA:0,(anonymous_10)
FNDA:0,(anonymous_11)
FNDA:0,(anonymous_12)
FNDA:0,(anonymous_13)
FNDA:0,(anonymous_14)
FNDA:0,(anonymous_15)
FNDA:0,(anonymous_16)
FNDA:0,(anonymous_17)
FNDA:0,(anonymous_18)
FNDA:0,(anonymous_19)
FNDA:0,(anonymous_20)
FNDA:0,(anonymous_21)
FNDA:0,(anonymous_22)
FNDA:0,(anonymous_23)
FNDA:0,(anonymous_24)
DA:26,1
DA:27,0
DA:28,0
DA:29,0
DA:30,0
DA:31,0
DA:33,0
DA:34,0
DA:35,0
DA:36,0
DA:38,0
DA:41,0
DA:44,0
DA:47,0
DA:49,0
DA:50,0
DA:52,0
DA:53,0
DA:54,0
DA:61,0
DA:63,0
DA:66,0
DA:68,0
DA:71,0
DA:72,0
DA:73,0
DA:74,0
DA:77,0
DA:78,0
DA:79,0
DA:80,0
DA:81,0
DA:82,0
DA:84,0
DA:85,0
DA:89,0
DA:90,0
DA:94,0
DA:95,0
DA:99,0
DA:102,0
DA:104,0
DA:106,0
DA:107,0
DA:108,0
DA:109,0
DA:110,0
DA:111,0
DA:112,0
DA:113,0
DA:116,0
DA:122,0
DA:123,0
DA:124,0
DA:125,0
DA:126,0
DA:127,0
DA:136,0
DA:137,0
DA:138,0
DA:145,0
DA:147,0
DA:148,0
DA:149,0
DA:150,0
DA:153,0
DA:163,0
DA:165,0
DA:166,0
DA:168,0
DA:172,0
DA:174,0
DA:180,0
DA:181,0
DA:208,0
DA:217,0
DA:218,0
DA:219,0
DA:220,0
DA:223,0
DA:236,0
DA:237,0
DA:254,0
DA:255,0
DA:276,0
DA:277,0
LF:86
LH:1
BRDA:50,0,0,0
BRDA:50,0,1,0
BRDA:52,1,0,0
BRDA:52,1,1,0
BRDA:52,1,2,0
BRDA:53,2,0,0
BRDA:53,3,0,0
BRDA:53,3,1,0
BRDA:56,4,0,0
BRDA:56,4,1,0
BRDA:73,5,0,0
BRDA:73,6,0,0
BRDA:73,6,1,0
BRDA:80,7,0,0
BRDA:80,8,0,0
BRDA:80,8,1,0
BRDA:94,9,0,0
BRDA:94,10,0,0
BRDA:94,10,1,0
BRDA:99,11,0,0
BRDA:99,11,1,0
BRDA:102,12,0,0
BRDA:102,12,1,0
BRDA:104,13,0,0
BRDA:104,14,0,0
BRDA:104,14,1,0
BRDA:108,15,0,0
BRDA:108,15,1,0
BRDA:111,16,0,0
BRDA:111,16,1,0
BRDA:112,17,0,0
BRDA:116,18,0,0
BRDA:116,18,1,0
BRDA:123,19,0,0
BRDA:123,20,0,0
BRDA:123,20,1,0
BRDA:127,21,0,0
BRDA:127,21,1,0
BRDA:137,22,0,0
BRDA:148,23,0,0
BRDA:148,24,0,0
BRDA:148,24,1,0
BRDA:150,25,0,0
BRDA:165,26,0,0
BRDA:165,26,1,0
BRF:45
BRH:0
end_of_record
TN:
SF:src\app\services\user-activity.service.ts
FN:31,(anonymous_0)
FN:36,(anonymous_1)
FN:49,(anonymous_2)
FN:61,(anonymous_3)
FN:62,(anonymous_4)
FN:68,(anonymous_5)
FN:79,(anonymous_6)
FN:81,(anonymous_7)
FN:82,(anonymous_8)
FN:90,(anonymous_9)
FN:99,(anonymous_10)
FN:104,(anonymous_11)
FN:114,(anonymous_12)
FN:131,(anonymous_13)
FN:163,(anonymous_14)
FN:175,(anonymous_15)
FN:182,(anonymous_16)
FN:195,(anonymous_17)
FN:209,(anonymous_18)
FNF:19
FNH:0
FNDA:0,(anonymous_0)
FNDA:0,(anonymous_1)
FNDA:0,(anonymous_2)
FNDA:0,(anonymous_3)
FNDA:0,(anonymous_4)
FNDA:0,(anonymous_5)
FNDA:0,(anonymous_6)
FNDA:0,(anonymous_7)
FNDA:0,(anonymous_8)
FNDA:0,(anonymous_9)
FNDA:0,(anonymous_10)
FNDA:0,(anonymous_11)
FNDA:0,(anonymous_12)
FNDA:0,(anonymous_13)
FNDA:0,(anonymous_14)
FNDA:0,(anonymous_15)
FNDA:0,(anonymous_16)
FNDA:0,(anonymous_17)
FNDA:0,(anonymous_18)
DA:15,1
DA:16,0
DA:17,0
DA:20,0
DA:21,0
DA:24,0
DA:25,0
DA:28,0
DA:29,0
DA:32,0
DA:33,0
DA:36,0
DA:37,0
DA:42,0
DA:50,0
DA:52,0
DA:61,0
DA:62,0
DA:68,0
DA:69,0
DA:70,0
DA:80,0
DA:81,0
DA:83,0
DA:91,0
DA:92,0
DA:93,0
DA:100,0
DA:101,0
DA:104,0
DA:105,0
DA:106,0
DA:107,0
DA:115,0
DA:116,0
DA:122,0
DA:124,0
DA:132,0
DA:133,0
DA:134,0
DA:135,0
DA:138,0
DA:139,0
DA:140,0
DA:143,0
DA:144,0
DA:145,0
DA:146,0
DA:150,0
DA:151,0
DA:152,0
DA:154,0
DA:155,0
DA:156,0
DA:164,0
DA:165,0
DA:166,0
DA:168,0
DA:176,0
DA:183,0
DA:184,0
DA:185,0
DA:188,0
DA:189,0
DA:196,0
DA:197,0
DA:198,0
DA:200,0
DA:210,0
DA:211,0
DA:213,0
DA:214,0
LF:72
LH:1
BRDA:50,0,0,0
BRDA:69,1,0,0
BRDA:100,2,0,0
BRDA:134,3,0,0
BRDA:143,4,0,0
BRDA:184,5,0,0
BRDA:210,6,0,0
BRDA:213,7,0,0
BRF:8
BRH:0
end_of_record
TN:
SF:src\app\shared\constants.ts
FNF:0
FNH:0
DA:4,1
DA:7,1
DA:8,1
DA:9,1
DA:10,1
DA:11,1
DA:14,1
DA:15,1
DA:16,1
DA:17,1
DA:18,1
DA:19,1
DA:20,1
DA:21,1
DA:22,1
DA:23,1
DA:26,1
DA:29,1
DA:31,1
DA:33,1
DA:35,1
DA:36,1
DA:37,1
DA:38,1
DA:39,1
DA:40,1
DA:41,1
DA:42,1
DA:44,1
DA:45,1
DA:46,1
DA:47,1
DA:48,1
DA:49,1
DA:50,1
DA:51,1
DA:52,1
DA:53,1
DA:54,1
DA:55,1
DA:56,1
DA:57,1
DA:58,1
DA:59,1
DA:60,1
DA:61,1
DA:62,1
DA:63,1
DA:64,1
DA:65,1
DA:66,1
DA:67,1
DA:68,1
DA:69,1
DA:70,1
DA:71,1
DA:72,1
DA:73,1
DA:75,1
DA:91,1
DA:101,1
LF:61
LH:61
BRDA:32,0,0,1
BRDA:32,0,1,0
BRDA:34,1,0,1
BRDA:34,1,1,0
BRF:4
BRH:2
end_of_record
TN:
SF:src\app\user\state\user.actions.ts
FN:6,(anonymous_0)
FN:14,(anonymous_1)
FN:19,(anonymous_2)
FNF:3
FNH:2
FNDA:1,(anonymous_0)
FNDA:0,(anonymous_1)
FNDA:7,(anonymous_2)
DA:6,1
DA:7,1
DA:8,1
DA:12,0
DA:14,0
DA:18,7
DA:19,7
LF:7
LH:5
BRDA:6,0,0,1
BRDA:6,0,1,1
BRF:2
BRH:2
end_of_record
TN:
SF:src\environments\environment.ts
FNF:0
FNH:0
DA:6,1
LF:1
LH:1
BRF:0
BRH:0
end_of_record
