<?xml version="1.0"?>
<testsuite name="Chrome Headless 146.0.0.0 (Windows 10)" package="unit" timestamp="2026-04-07T19:50:44" id="0" hostname="Rich-Think" tests="1" errors="0" failures="0" time="0.108">
  <properties>
    <property name="browser.fullName" value="Mozilla/5.0 (Windows NT 10.0; Win64; x64) AppleWebKit/537.36 (KHTML, like Gecko) HeadlessChrome/146.0.0.0 Safari/537.36"/>
  </properties>
  <testcase name="GameScoreDialog renders team labels with fallback display values when team names are empty" time="0.108" classname=".GameScoreDialog"/>
  <system-out>
    <![CDATA[
]]>
  </system-out>
  <system-err/>
</testsuite>